mode: set
github.com/mikefarah/yq/v4/test/utils.go:14.88,19.131 5 0
github.com/mikefarah/yq/v4/test/utils.go:19.131,21.3 1 0
github.com/mikefarah/yq/v4/test/utils.go:21.8,23.3 1 0
github.com/mikefarah/yq/v4/test/utils.go:26.85,28.34 2 0
github.com/mikefarah/yq/v4/test/utils.go:28.34,30.3 1 0
github.com/mikefarah/yq/v4/test/utils.go:33.92,35.52 2 0
github.com/mikefarah/yq/v4/test/utils.go:35.52,37.3 1 0
github.com/mikefarah/yq/v4/test/utils.go:40.124,42.52 2 0
github.com/mikefarah/yq/v4/test/utils.go:42.52,45.3 2 0
github.com/mikefarah/yq/v4/test/utils.go:48.117,51.34 3 0
github.com/mikefarah/yq/v4/test/utils.go:51.34,54.130 3 0
github.com/mikefarah/yq/v4/test/utils.go:54.130,56.4 1 0
github.com/mikefarah/yq/v4/test/utils.go:56.9,58.4 1 0
github.com/mikefarah/yq/v4/cmd/completion.go:47.54,49.18 2 0
github.com/mikefarah/yq/v4/cmd/completion.go:50.15,51.57 1 0
github.com/mikefarah/yq/v4/cmd/completion.go:52.14,53.48 1 0
github.com/mikefarah/yq/v4/cmd/completion.go:54.15,55.55 1 0
github.com/mikefarah/yq/v4/cmd/completion.go:56.21,57.55 1 0
github.com/mikefarah/yq/v4/cmd/completion.go:59.3,59.13 1 0
github.com/mikefarah/yq/v4/cmd/evaluate_all_command.go:10.48,15.107 1 1
github.com/mikefarah/yq/v4/cmd/evaluate_all_command.go:15.107,16.22 1 1
github.com/mikefarah/yq/v4/cmd/evaluate_all_command.go:16.22,18.5 1 1
github.com/mikefarah/yq/v4/cmd/evaluate_all_command.go:19.4,19.47 1 1
github.com/mikefarah/yq/v4/cmd/evaluate_all_command.go:45.2,45.19 1 1
github.com/mikefarah/yq/v4/cmd/evaluate_all_command.go:47.70,56.16 3 1
github.com/mikefarah/yq/v4/cmd/evaluate_all_command.go:56.16,58.3 1 0
github.com/mikefarah/yq/v4/cmd/evaluate_all_command.go:60.2,62.18 2 1
github.com/mikefarah/yq/v4/cmd/evaluate_all_command.go:62.18,67.17 4 1
github.com/mikefarah/yq/v4/cmd/evaluate_all_command.go:67.17,69.4 1 0
github.com/mikefarah/yq/v4/cmd/evaluate_all_command.go:72.3,72.16 1 1
github.com/mikefarah/yq/v4/cmd/evaluate_all_command.go:72.16,73.23 1 1
github.com/mikefarah/yq/v4/cmd/evaluate_all_command.go:73.23,75.5 1 1
github.com/mikefarah/yq/v4/cmd/evaluate_all_command.go:79.2,80.16 2 1
github.com/mikefarah/yq/v4/cmd/evaluate_all_command.go:80.16,82.3 1 0
github.com/mikefarah/yq/v4/cmd/evaluate_all_command.go:84.2,85.16 2 1
github.com/mikefarah/yq/v4/cmd/evaluate_all_command.go:85.16,87.3 1 0
github.com/mikefarah/yq/v4/cmd/evaluate_all_command.go:89.2,90.16 2 1
github.com/mikefarah/yq/v4/cmd/evaluate_all_command.go:90.16,92.3 1 0
github.com/mikefarah/yq/v4/cmd/evaluate_all_command.go:93.2,94.16 2 1
github.com/mikefarah/yq/v4/cmd/evaluate_all_command.go:94.16,96.3 1 0
github.com/mikefarah/yq/v4/cmd/evaluate_all_command.go:98.2,99.18 2 1
github.com/mikefarah/yq/v4/cmd/evaluate_all_command.go:99.18,101.3 1 1
github.com/mikefarah/yq/v4/cmd/evaluate_all_command.go:103.2,103.23 1 1
github.com/mikefarah/yq/v4/cmd/evaluate_all_command.go:103.23,107.17 4 1
github.com/mikefarah/yq/v4/cmd/evaluate_all_command.go:107.17,109.4 1 0
github.com/mikefarah/yq/v4/cmd/evaluate_all_command.go:110.3,114.31 4 1
github.com/mikefarah/yq/v4/cmd/evaluate_all_command.go:114.31,118.4 3 1
github.com/mikefarah/yq/v4/cmd/evaluate_all_command.go:119.3,119.37 1 1
github.com/mikefarah/yq/v4/cmd/evaluate_all_command.go:122.2,124.19 2 1
github.com/mikefarah/yq/v4/cmd/evaluate_all_command.go:125.9,126.16 1 1
github.com/mikefarah/yq/v4/cmd/evaluate_all_command.go:126.16,128.4 1 1
github.com/mikefarah/yq/v4/cmd/evaluate_all_command.go:128.9,131.4 2 1
github.com/mikefarah/yq/v4/cmd/evaluate_all_command.go:132.10,133.96 1 1
github.com/mikefarah/yq/v4/cmd/evaluate_all_command.go:136.2,138.60 2 1
github.com/mikefarah/yq/v4/cmd/evaluate_all_command.go:138.60,140.3 1 1
github.com/mikefarah/yq/v4/cmd/evaluate_all_command.go:142.2,142.12 1 1
github.com/mikefarah/yq/v4/cmd/evaluate_sequence_command.go:11.53,16.107 1 1
github.com/mikefarah/yq/v4/cmd/evaluate_sequence_command.go:16.107,17.22 1 1
github.com/mikefarah/yq/v4/cmd/evaluate_sequence_command.go:17.22,19.5 1 1
github.com/mikefarah/yq/v4/cmd/evaluate_sequence_command.go:20.4,20.47 1 1
github.com/mikefarah/yq/v4/cmd/evaluate_sequence_command.go:48.2,48.24 1 1
github.com/mikefarah/yq/v4/cmd/evaluate_sequence_command.go:51.50,53.37 1 1
github.com/mikefarah/yq/v4/cmd/evaluate_sequence_command.go:53.37,55.3 1 1
github.com/mikefarah/yq/v4/cmd/evaluate_sequence_command.go:55.8,55.24 1 1
github.com/mikefarah/yq/v4/cmd/evaluate_sequence_command.go:55.24,57.3 1 1
github.com/mikefarah/yq/v4/cmd/evaluate_sequence_command.go:58.2,58.19 1 1
github.com/mikefarah/yq/v4/cmd/evaluate_sequence_command.go:61.75,72.16 4 1
github.com/mikefarah/yq/v4/cmd/evaluate_sequence_command.go:72.16,74.3 1 0
github.com/mikefarah/yq/v4/cmd/evaluate_sequence_command.go:76.2,76.18 1 1
github.com/mikefarah/yq/v4/cmd/evaluate_sequence_command.go:76.18,81.17 4 1
github.com/mikefarah/yq/v4/cmd/evaluate_sequence_command.go:81.17,83.4 1 0
github.com/mikefarah/yq/v4/cmd/evaluate_sequence_command.go:86.3,86.16 1 1
github.com/mikefarah/yq/v4/cmd/evaluate_sequence_command.go:86.16,87.23 1 1
github.com/mikefarah/yq/v4/cmd/evaluate_sequence_command.go:87.23,89.5 1 1
github.com/mikefarah/yq/v4/cmd/evaluate_sequence_command.go:93.2,94.16 2 1
github.com/mikefarah/yq/v4/cmd/evaluate_sequence_command.go:94.16,96.3 1 0
github.com/mikefarah/yq/v4/cmd/evaluate_sequence_command.go:98.2,99.16 2 1
github.com/mikefarah/yq/v4/cmd/evaluate_sequence_command.go:99.16,101.3 1 0
github.com/mikefarah/yq/v4/cmd/evaluate_sequence_command.go:102.2,103.16 2 1
github.com/mikefarah/yq/v4/cmd/evaluate_sequence_command.go:103.16,105.3 1 0
github.com/mikefarah/yq/v4/cmd/evaluate_sequence_command.go:107.2,109.19 2 1
github.com/mikefarah/yq/v4/cmd/evaluate_sequence_command.go:109.19,111.3 1 0
github.com/mikefarah/yq/v4/cmd/evaluate_sequence_command.go:113.2,113.18 1 1
github.com/mikefarah/yq/v4/cmd/evaluate_sequence_command.go:113.18,115.3 1 0
github.com/mikefarah/yq/v4/cmd/evaluate_sequence_command.go:117.2,118.16 2 1
github.com/mikefarah/yq/v4/cmd/evaluate_sequence_command.go:118.16,120.3 1 0
github.com/mikefarah/yq/v4/cmd/evaluate_sequence_command.go:121.2,123.23 2 1
github.com/mikefarah/yq/v4/cmd/evaluate_sequence_command.go:123.23,128.17 5 1
github.com/mikefarah/yq/v4/cmd/evaluate_sequence_command.go:128.17,130.4 1 0
github.com/mikefarah/yq/v4/cmd/evaluate_sequence_command.go:131.3,135.31 4 1
github.com/mikefarah/yq/v4/cmd/evaluate_sequence_command.go:135.31,139.4 3 1
github.com/mikefarah/yq/v4/cmd/evaluate_sequence_command.go:140.3,140.37 1 1
github.com/mikefarah/yq/v4/cmd/evaluate_sequence_command.go:143.2,143.19 1 1
github.com/mikefarah/yq/v4/cmd/evaluate_sequence_command.go:144.9,145.16 1 1
github.com/mikefarah/yq/v4/cmd/evaluate_sequence_command.go:145.16,147.4 1 1
github.com/mikefarah/yq/v4/cmd/evaluate_sequence_command.go:147.9,150.4 2 1
github.com/mikefarah/yq/v4/cmd/evaluate_sequence_command.go:151.10,152.93 1 1
github.com/mikefarah/yq/v4/cmd/evaluate_sequence_command.go:154.2,156.60 2 1
github.com/mikefarah/yq/v4/cmd/evaluate_sequence_command.go:156.60,158.3 1 1
github.com/mikefarah/yq/v4/cmd/evaluate_sequence_command.go:160.2,160.12 1 1
github.com/mikefarah/yq/v4/cmd/root.go:15.37,17.2 1 1
github.com/mikefarah/yq/v4/cmd/root.go:19.37,21.2 1 1
github.com/mikefarah/yq/v4/cmd/root.go:23.46,29.19 6 1
github.com/mikefarah/yq/v4/cmd/root.go:29.19,31.3 1 1
github.com/mikefarah/yq/v4/cmd/root.go:32.2,33.12 2 1
github.com/mikefarah/yq/v4/cmd/root.go:36.35,38.2 1 1
github.com/mikefarah/yq/v4/cmd/root.go:40.27,61.55 1 1
github.com/mikefarah/yq/v4/cmd/root.go:61.55,62.15 1 0
github.com/mikefarah/yq/v4/cmd/root.go:62.15,65.5 2 0
github.com/mikefarah/yq/v4/cmd/root.go:66.4,66.38 1 0
github.com/mikefarah/yq/v4/cmd/root.go:69.65,77.15 4 0
github.com/mikefarah/yq/v4/cmd/root.go:77.15,79.5 1 0
github.com/mikefarah/yq/v4/cmd/root.go:81.4,88.14 6 0
github.com/mikefarah/yq/v4/cmd/root.go:92.2,97.16 5 1
github.com/mikefarah/yq/v4/cmd/root.go:97.16,98.13 1 0
github.com/mikefarah/yq/v4/cmd/root.go:101.2,103.60 3 1
github.com/mikefarah/yq/v4/cmd/root.go:103.60,105.3 1 1
github.com/mikefarah/yq/v4/cmd/root.go:107.2,107.154 1 1
github.com/mikefarah/yq/v4/cmd/root.go:107.154,108.13 1 0
github.com/mikefarah/yq/v4/cmd/root.go:110.2,113.59 3 1
github.com/mikefarah/yq/v4/cmd/root.go:113.59,115.3 1 1
github.com/mikefarah/yq/v4/cmd/root.go:117.2,117.152 1 1
github.com/mikefarah/yq/v4/cmd/root.go:117.152,118.13 1 0
github.com/mikefarah/yq/v4/cmd/root.go:121.2,122.107 2 1
github.com/mikefarah/yq/v4/cmd/root.go:122.107,123.13 1 0
github.com/mikefarah/yq/v4/cmd/root.go:125.2,126.103 2 1
github.com/mikefarah/yq/v4/cmd/root.go:126.103,127.13 1 0
github.com/mikefarah/yq/v4/cmd/root.go:129.2,133.107 5 1
github.com/mikefarah/yq/v4/cmd/root.go:133.107,134.13 1 0
github.com/mikefarah/yq/v4/cmd/root.go:136.2,137.105 2 1
github.com/mikefarah/yq/v4/cmd/root.go:137.105,138.13 1 0
github.com/mikefarah/yq/v4/cmd/root.go:140.2,149.97 7 1
github.com/mikefarah/yq/v4/cmd/root.go:149.97,150.13 1 0
github.com/mikefarah/yq/v4/cmd/root.go:152.2,153.97 2 1
github.com/mikefarah/yq/v4/cmd/root.go:153.97,154.13 1 0
github.com/mikefarah/yq/v4/cmd/root.go:156.2,163.106 6 1
github.com/mikefarah/yq/v4/cmd/root.go:163.106,164.13 1 0
github.com/mikefarah/yq/v4/cmd/root.go:167.2,173.93 5 1
github.com/mikefarah/yq/v4/cmd/root.go:173.93,174.13 1 0
github.com/mikefarah/yq/v4/cmd/root.go:176.2,188.166 11 1
github.com/mikefarah/yq/v4/cmd/root.go:188.166,189.13 1 0
github.com/mikefarah/yq/v4/cmd/root.go:191.2,192.97 2 1
github.com/mikefarah/yq/v4/cmd/root.go:192.97,193.13 1 0
github.com/mikefarah/yq/v4/cmd/root.go:195.2,200.96 5 1
github.com/mikefarah/yq/v4/cmd/root.go:200.96,201.13 1 0
github.com/mikefarah/yq/v4/cmd/root.go:203.2,204.76 2 1
github.com/mikefarah/yq/v4/cmd/root.go:204.76,205.13 1 0
github.com/mikefarah/yq/v4/cmd/root.go:208.2,209.71 2 1
github.com/mikefarah/yq/v4/cmd/root.go:209.71,210.13 1 0
github.com/mikefarah/yq/v4/cmd/root.go:213.2,222.16 5 1
github.com/mikefarah/yq/v4/cmd/unwrap_flag.go:20.31,22.2 1 1
github.com/mikefarah/yq/v4/cmd/unwrap_flag.go:24.55,26.2 1 1
github.com/mikefarah/yq/v4/cmd/unwrap_flag.go:28.45,30.2 1 1
github.com/mikefarah/yq/v4/cmd/unwrap_flag.go:32.48,34.2 1 1
github.com/mikefarah/yq/v4/cmd/unwrap_flag.go:36.56,42.2 4 1
github.com/mikefarah/yq/v4/cmd/unwrap_flag.go:44.44,46.2 1 1
github.com/mikefarah/yq/v4/cmd/utils.go:14.37,16.2 1 1
github.com/mikefarah/yq/v4/cmd/utils.go:18.79,24.16 4 1
github.com/mikefarah/yq/v4/cmd/utils.go:24.16,26.3 1 0
github.com/mikefarah/yq/v4/cmd/utils.go:28.2,28.50 1 1
github.com/mikefarah/yq/v4/cmd/utils.go:28.50,30.3 1 0
github.com/mikefarah/yq/v4/cmd/utils.go:32.2,34.51 2 1
github.com/mikefarah/yq/v4/cmd/utils.go:34.51,36.3 1 1
github.com/mikefarah/yq/v4/cmd/utils.go:38.2,38.47 1 1
github.com/mikefarah/yq/v4/cmd/utils.go:38.47,40.3 1 1
github.com/mikefarah/yq/v4/cmd/utils.go:42.2,44.30 2 1
github.com/mikefarah/yq/v4/cmd/utils.go:47.20,50.79 2 1
github.com/mikefarah/yq/v4/cmd/utils.go:50.79,52.3 1 1
github.com/mikefarah/yq/v4/cmd/utils.go:55.38,56.28 1 1
github.com/mikefarah/yq/v4/cmd/utils.go:56.28,58.17 2 1
github.com/mikefarah/yq/v4/cmd/utils.go:58.17,60.4 1 1
github.com/mikefarah/yq/v4/cmd/utils.go:61.3,61.46 1 1
github.com/mikefarah/yq/v4/cmd/utils.go:63.2,63.12 1 1
github.com/mikefarah/yq/v4/cmd/utils.go:66.37,68.18 1 1
github.com/mikefarah/yq/v4/cmd/utils.go:68.18,70.3 1 1
github.com/mikefarah/yq/v4/cmd/utils.go:73.48,74.56 1 1
github.com/mikefarah/yq/v4/cmd/utils.go:74.56,76.3 1 1
github.com/mikefarah/yq/v4/cmd/utils.go:78.2,78.41 1 1
github.com/mikefarah/yq/v4/cmd/utils.go:78.41,80.3 1 1
github.com/mikefarah/yq/v4/cmd/utils.go:82.2,82.40 1 1
github.com/mikefarah/yq/v4/cmd/utils.go:82.40,84.3 1 1
github.com/mikefarah/yq/v4/cmd/utils.go:86.2,86.32 1 1
github.com/mikefarah/yq/v4/cmd/utils.go:86.32,88.3 1 1
github.com/mikefarah/yq/v4/cmd/utils.go:90.2,90.12 1 1
github.com/mikefarah/yq/v4/cmd/utils.go:93.44,95.19 2 1
github.com/mikefarah/yq/v4/cmd/utils.go:95.19,97.3 1 1
github.com/mikefarah/yq/v4/cmd/utils.go:99.2,99.60 1 1
github.com/mikefarah/yq/v4/cmd/utils.go:99.60,101.3 1 0
github.com/mikefarah/yq/v4/cmd/utils.go:103.2,103.48 1 1
github.com/mikefarah/yq/v4/cmd/utils.go:103.48,105.3 1 1
github.com/mikefarah/yq/v4/cmd/utils.go:107.2,110.12 3 1
github.com/mikefarah/yq/v4/cmd/utils.go:113.55,114.70 1 1
github.com/mikefarah/yq/v4/cmd/utils.go:114.70,118.17 3 1
github.com/mikefarah/yq/v4/cmd/utils.go:118.17,122.33 3 1
github.com/mikefarah/yq/v4/cmd/utils.go:122.33,124.5 1 1
github.com/mikefarah/yq/v4/cmd/utils.go:125.9,125.39 1 1
github.com/mikefarah/yq/v4/cmd/utils.go:125.39,127.4 1 1
github.com/mikefarah/yq/v4/cmd/utils.go:128.8,128.38 1 1
github.com/mikefarah/yq/v4/cmd/utils.go:128.38,134.27 2 1
github.com/mikefarah/yq/v4/cmd/utils.go:134.27,136.4 1 1
github.com/mikefarah/yq/v4/cmd/utils.go:137.3,137.24 1 1
github.com/mikefarah/yq/v4/cmd/utils.go:139.2,139.12 1 1
github.com/mikefarah/yq/v4/cmd/utils.go:142.36,144.16 2 1
github.com/mikefarah/yq/v4/cmd/utils.go:144.16,146.3 1 1
github.com/mikefarah/yq/v4/cmd/utils.go:148.2,149.46 1 1
github.com/mikefarah/yq/v4/cmd/utils.go:149.46,151.3 1 1
github.com/mikefarah/yq/v4/cmd/utils.go:153.2,153.12 1 1
github.com/mikefarah/yq/v4/cmd/utils.go:156.30,157.40 1 1
github.com/mikefarah/yq/v4/cmd/utils.go:157.40,159.3 1 1
github.com/mikefarah/yq/v4/cmd/utils.go:162.69,164.16 2 1
github.com/mikefarah/yq/v4/cmd/utils.go:164.16,166.3 1 1
github.com/mikefarah/yq/v4/cmd/utils.go:167.2,169.34 2 1
github.com/mikefarah/yq/v4/cmd/utils.go:169.34,171.3 1 0
github.com/mikefarah/yq/v4/cmd/utils.go:172.2,173.25 2 1
github.com/mikefarah/yq/v4/cmd/utils.go:173.25,175.3 1 0
github.com/mikefarah/yq/v4/cmd/utils.go:176.2,176.26 1 1
github.com/mikefarah/yq/v4/cmd/utils.go:179.95,183.24 2 1
github.com/mikefarah/yq/v4/cmd/utils.go:183.24,186.17 3 1
github.com/mikefarah/yq/v4/cmd/utils.go:186.17,188.4 1 1
github.com/mikefarah/yq/v4/cmd/utils.go:189.3,189.64 1 1
github.com/mikefarah/yq/v4/cmd/utils.go:190.8,192.3 1 1
github.com/mikefarah/yq/v4/cmd/utils.go:193.2,193.27 1 1
github.com/mikefarah/yq/v4/cmd/utils.go:196.48,198.16 2 1
github.com/mikefarah/yq/v4/cmd/utils.go:198.16,200.3 1 1
github.com/mikefarah/yq/v4/cmd/utils.go:201.2,223.20 18 1
github.com/mikefarah/yq/v4/cmd/utils.go:223.20,225.3 1 0
github.com/mikefarah/yq/v4/cmd/utils.go:226.2,226.21 1 1
github.com/mikefarah/yq/v4/cmd/utils.go:234.33,238.53 4 1
github.com/mikefarah/yq/v4/cmd/utils.go:238.53,239.17 1 1
github.com/mikefarah/yq/v4/cmd/utils.go:239.17,241.4 1 1
github.com/mikefarah/yq/v4/cmd/utils.go:241.9,243.4 1 1
github.com/mikefarah/yq/v4/cmd/utils.go:244.3,244.49 1 1
github.com/mikefarah/yq/v4/cmd/utils.go:246.2,246.15 1 1
github.com/mikefarah/yq/v4/cmd/utils.go:249.47,251.16 2 1
github.com/mikefarah/yq/v4/cmd/utils.go:251.16,253.3 1 0
github.com/mikefarah/yq/v4/cmd/utils.go:254.2,260.89 2 1
github.com/mikefarah/yq/v4/cmd/utils.go:260.89,262.3 1 1
github.com/mikefarah/yq/v4/cmd/utils.go:264.2,264.27 1 1
github.com/mikefarah/yq/v4/cmd/utils.go:264.27,265.17 1 1
github.com/mikefarah/yq/v4/cmd/utils.go:265.17,267.4 1 1
github.com/mikefarah/yq/v4/cmd/utils.go:269.2,273.26 2 1
github.com/mikefarah/yq/v4/cmd/utils.go:276.67,281.87 4 1
github.com/mikefarah/yq/v4/cmd/utils.go:281.87,286.3 3 1
github.com/mikefarah/yq/v4/cmd/utils.go:288.2,288.26 1 1
github.com/mikefarah/yq/v4/cmd/utils.go:288.26,290.17 2 1
github.com/mikefarah/yq/v4/cmd/utils.go:290.17,292.4 1 1
github.com/mikefarah/yq/v4/cmd/utils.go:294.3,294.73 1 1
github.com/mikefarah/yq/v4/cmd/utils.go:297.2,298.80 2 1
github.com/mikefarah/yq/v4/cmd/utils.go:298.80,302.3 3 1
github.com/mikefarah/yq/v4/cmd/utils.go:303.2,303.30 1 1
github.com/mikefarah/yq/v4/cmd/version.go:27.33,29.2 1 1
github.com/mikefarah/yq/v4/cmd/version.go:31.31,33.23 2 1
github.com/mikefarah/yq/v4/cmd/version.go:33.23,35.3 1 1
github.com/mikefarah/yq/v4/cmd/version.go:37.2,38.19 2 1
github.com/mikefarah/yq/v4/cmd/version.go:38.19,39.42 1 1
github.com/mikefarah/yq/v4/cmd/version.go:39.42,41.4 1 1
github.com/mikefarah/yq/v4/cmd/version.go:42.3,42.22 1 1
github.com/mikefarah/yq/v4/cmd/version.go:42.22,44.4 1 1
github.com/mikefarah/yq/v4/cmd/version.go:48.2,48.45 1 1
github.com/mikefarah/yq/v4/yq.go:9.13,15.76 4 0
github.com/mikefarah/yq/v4/yq.go:15.76,20.3 2 0
github.com/mikefarah/yq/v4/yq.go:22.2,22.38 1 0
github.com/mikefarah/yq/v4/yq.go:22.38,24.3 1 0
github.com/mikefarah/yq/v4/pkg/yqlib/all_at_once_evaluator.go:22.40,25.2 2 1
github.com/mikefarah/yq/v4/pkg/yqlib/all_at_once_evaluator.go:27.108,29.29 2 1
github.com/mikefarah/yq/v4/pkg/yqlib/all_at_once_evaluator.go:29.29,31.3 1 1
github.com/mikefarah/yq/v4/pkg/yqlib/all_at_once_evaluator.go:32.2,32.62 1 1
github.com/mikefarah/yq/v4/pkg/yqlib/all_at_once_evaluator.go:35.120,37.16 2 1
github.com/mikefarah/yq/v4/pkg/yqlib/all_at_once_evaluator.go:37.16,39.3 1 0
github.com/mikefarah/yq/v4/pkg/yqlib/all_at_once_evaluator.go:40.2,41.16 2 1
github.com/mikefarah/yq/v4/pkg/yqlib/all_at_once_evaluator.go:41.16,43.3 1 0
github.com/mikefarah/yq/v4/pkg/yqlib/all_at_once_evaluator.go:44.2,44.35 1 1
github.com/mikefarah/yq/v4/pkg/yqlib/all_at_once_evaluator.go:47.123,51.37 3 0
github.com/mikefarah/yq/v4/pkg/yqlib/all_at_once_evaluator.go:51.37,53.17 2 0
github.com/mikefarah/yq/v4/pkg/yqlib/all_at_once_evaluator.go:53.17,55.4 1 0
github.com/mikefarah/yq/v4/pkg/yqlib/all_at_once_evaluator.go:57.3,58.17 2 0
github.com/mikefarah/yq/v4/pkg/yqlib/all_at_once_evaluator.go:58.17,60.4 1 0
github.com/mikefarah/yq/v4/pkg/yqlib/all_at_once_evaluator.go:61.3,62.28 2 0
github.com/mikefarah/yq/v4/pkg/yqlib/all_at_once_evaluator.go:65.2,65.29 1 0
github.com/mikefarah/yq/v4/pkg/yqlib/all_at_once_evaluator.go:65.29,68.3 2 0
github.com/mikefarah/yq/v4/pkg/yqlib/all_at_once_evaluator.go:70.2,71.16 2 0
github.com/mikefarah/yq/v4/pkg/yqlib/all_at_once_evaluator.go:71.16,73.3 1 0
github.com/mikefarah/yq/v4/pkg/yqlib/all_at_once_evaluator.go:74.2,74.38 1 0
github.com/mikefarah/yq/v4/pkg/yqlib/candidate_node.go:46.64,51.2 4 1
github.com/mikefarah/yq/v4/pkg/yqlib/candidate_node.go:53.77,57.22 3 1
github.com/mikefarah/yq/v4/pkg/yqlib/candidate_node.go:58.24,59.23 1 1
github.com/mikefarah/yq/v4/pkg/yqlib/candidate_node.go:60.25,61.21 1 1
github.com/mikefarah/yq/v4/pkg/yqlib/candidate_node.go:62.12,63.22 1 1
github.com/mikefarah/yq/v4/pkg/yqlib/candidate_node.go:64.14,65.21 1 1
github.com/mikefarah/yq/v4/pkg/yqlib/candidate_node.go:66.11,67.22 1 1
github.com/mikefarah/yq/v4/pkg/yqlib/candidate_node.go:69.2,69.13 1 1
github.com/mikefarah/yq/v4/pkg/yqlib/candidate_node.go:121.54,125.2 1 1
github.com/mikefarah/yq/v4/pkg/yqlib/candidate_node.go:127.47,129.2 1 1
github.com/mikefarah/yq/v4/pkg/yqlib/candidate_node.go:131.44,133.21 1 1
github.com/mikefarah/yq/v4/pkg/yqlib/candidate_node.go:133.21,135.3 1 1
github.com/mikefarah/yq/v4/pkg/yqlib/candidate_node.go:136.2,136.19 1 1
github.com/mikefarah/yq/v4/pkg/yqlib/candidate_node.go:139.50,141.2 1 1
github.com/mikefarah/yq/v4/pkg/yqlib/candidate_node.go:143.46,144.21 1 1
github.com/mikefarah/yq/v4/pkg/yqlib/candidate_node.go:144.21,146.3 1 1
github.com/mikefarah/yq/v4/pkg/yqlib/candidate_node.go:147.2,147.19 1 1
github.com/mikefarah/yq/v4/pkg/yqlib/candidate_node.go:150.47,152.2 1 1
github.com/mikefarah/yq/v4/pkg/yqlib/candidate_node.go:154.44,155.21 1 1
github.com/mikefarah/yq/v4/pkg/yqlib/candidate_node.go:155.21,157.3 1 1
github.com/mikefarah/yq/v4/pkg/yqlib/candidate_node.go:158.2,158.20 1 1
github.com/mikefarah/yq/v4/pkg/yqlib/candidate_node.go:161.41,163.16 2 1
github.com/mikefarah/yq/v4/pkg/yqlib/candidate_node.go:163.16,165.3 1 1
github.com/mikefarah/yq/v4/pkg/yqlib/candidate_node.go:166.2,167.18 2 1
github.com/mikefarah/yq/v4/pkg/yqlib/candidate_node.go:167.18,169.3 1 1
github.com/mikefarah/yq/v4/pkg/yqlib/candidate_node.go:170.2,170.66 1 1
github.com/mikefarah/yq/v4/pkg/yqlib/candidate_node.go:173.52,174.16 1 1
github.com/mikefarah/yq/v4/pkg/yqlib/candidate_node.go:174.16,176.3 1 1
github.com/mikefarah/yq/v4/pkg/yqlib/candidate_node.go:177.2,177.18 1 1
github.com/mikefarah/yq/v4/pkg/yqlib/candidate_node.go:177.18,179.3 1 1
github.com/mikefarah/yq/v4/pkg/yqlib/candidate_node.go:180.2,180.26 1 1
github.com/mikefarah/yq/v4/pkg/yqlib/candidate_node.go:180.26,182.3 1 1
github.com/mikefarah/yq/v4/pkg/yqlib/candidate_node.go:183.2,184.16 2 1
github.com/mikefarah/yq/v4/pkg/yqlib/candidate_node.go:184.16,186.3 1 1
github.com/mikefarah/yq/v4/pkg/yqlib/candidate_node.go:187.2,187.14 1 1
github.com/mikefarah/yq/v4/pkg/yqlib/candidate_node.go:191.104,193.60 2 1
github.com/mikefarah/yq/v4/pkg/yqlib/candidate_node.go:193.60,196.28 3 1
github.com/mikefarah/yq/v4/pkg/yqlib/candidate_node.go:196.28,198.4 1 1
github.com/mikefarah/yq/v4/pkg/yqlib/candidate_node.go:200.2,200.15 1 1
github.com/mikefarah/yq/v4/pkg/yqlib/candidate_node.go:203.49,205.35 2 1
github.com/mikefarah/yq/v4/pkg/yqlib/candidate_node.go:205.35,207.3 1 1
github.com/mikefarah/yq/v4/pkg/yqlib/candidate_node.go:209.2,209.16 1 1
github.com/mikefarah/yq/v4/pkg/yqlib/candidate_node.go:209.16,211.3 1 1
github.com/mikefarah/yq/v4/pkg/yqlib/candidate_node.go:212.2,212.31 1 1
github.com/mikefarah/yq/v4/pkg/yqlib/candidate_node.go:215.46,218.31 3 1
github.com/mikefarah/yq/v4/pkg/yqlib/candidate_node.go:218.31,220.25 2 1
github.com/mikefarah/yq/v4/pkg/yqlib/candidate_node.go:221.12,222.42 1 1
github.com/mikefarah/yq/v4/pkg/yqlib/candidate_node.go:223.11,224.14 1 1
github.com/mikefarah/yq/v4/pkg/yqlib/candidate_node.go:224.14,226.5 1 1
github.com/mikefarah/yq/v4/pkg/yqlib/candidate_node.go:226.10,226.52 1 1
github.com/mikefarah/yq/v4/pkg/yqlib/candidate_node.go:226.52,228.5 1 0
github.com/mikefarah/yq/v4/pkg/yqlib/candidate_node.go:228.10,230.5 1 1
github.com/mikefarah/yq/v4/pkg/yqlib/candidate_node.go:233.2,233.20 1 1
github.com/mikefarah/yq/v4/pkg/yqlib/candidate_node.go:236.45,240.2 3 1
github.com/mikefarah/yq/v4/pkg/yqlib/candidate_node.go:242.58,244.2 1 1
github.com/mikefarah/yq/v4/pkg/yqlib/candidate_node.go:248.65,249.16 1 1
github.com/mikefarah/yq/v4/pkg/yqlib/candidate_node.go:250.19,251.45 1 1
github.com/mikefarah/yq/v4/pkg/yqlib/candidate_node.go:251.45,252.48 1 1
github.com/mikefarah/yq/v4/pkg/yqlib/candidate_node.go:252.48,254.5 1 1
github.com/mikefarah/yq/v4/pkg/yqlib/candidate_node.go:256.20,257.45 1 1
github.com/mikefarah/yq/v4/pkg/yqlib/candidate_node.go:257.45,258.48 1 1
github.com/mikefarah/yq/v4/pkg/yqlib/candidate_node.go:258.48,260.5 1 1
github.com/mikefarah/yq/v4/pkg/yqlib/candidate_node.go:263.2,263.12 1 1
github.com/mikefarah/yq/v4/pkg/yqlib/candidate_node.go:266.47,268.2 1 1
github.com/mikefarah/yq/v4/pkg/yqlib/candidate_node.go:270.123,282.2 9 1
github.com/mikefarah/yq/v4/pkg/yqlib/candidate_node.go:284.59,295.2 8 1
github.com/mikefarah/yq/v4/pkg/yqlib/candidate_node.go:297.64,298.27 1 1
github.com/mikefarah/yq/v4/pkg/yqlib/candidate_node.go:298.27,299.43 1 1
github.com/mikefarah/yq/v4/pkg/yqlib/candidate_node.go:299.43,303.4 3 1
github.com/mikefarah/yq/v4/pkg/yqlib/candidate_node.go:305.8,306.37 1 1
github.com/mikefarah/yq/v4/pkg/yqlib/candidate_node.go:306.37,308.4 1 1
github.com/mikefarah/yq/v4/pkg/yqlib/candidate_node.go:312.60,316.17 3 1
github.com/mikefarah/yq/v4/pkg/yqlib/candidate_node.go:317.15,319.18 2 1
github.com/mikefarah/yq/v4/pkg/yqlib/candidate_node.go:320.17,322.41 1 1
github.com/mikefarah/yq/v4/pkg/yqlib/candidate_node.go:323.16,324.30 1 1
github.com/mikefarah/yq/v4/pkg/yqlib/candidate_node.go:325.16,326.18 1 1
github.com/mikefarah/yq/v4/pkg/yqlib/candidate_node.go:329.2,329.21 1 1
github.com/mikefarah/yq/v4/pkg/yqlib/candidate_node.go:332.57,333.36 1 1
github.com/mikefarah/yq/v4/pkg/yqlib/candidate_node.go:333.36,335.3 1 1
github.com/mikefarah/yq/v4/pkg/yqlib/candidate_node.go:335.8,335.26 1 1
github.com/mikefarah/yq/v4/pkg/yqlib/candidate_node.go:335.26,338.3 2 1
github.com/mikefarah/yq/v4/pkg/yqlib/candidate_node.go:339.2,341.25 2 1
github.com/mikefarah/yq/v4/pkg/yqlib/candidate_node.go:341.25,344.3 2 0
github.com/mikefarah/yq/v4/pkg/yqlib/candidate_node.go:345.2,347.19 3 1
github.com/mikefarah/yq/v4/pkg/yqlib/candidate_node.go:350.95,357.2 2 1
github.com/mikefarah/yq/v4/pkg/yqlib/candidate_node.go:359.86,363.16 3 1
github.com/mikefarah/yq/v4/pkg/yqlib/candidate_node.go:363.16,365.3 1 1
github.com/mikefarah/yq/v4/pkg/yqlib/candidate_node.go:365.8,367.3 1 1
github.com/mikefarah/yq/v4/pkg/yqlib/candidate_node.go:369.2,369.16 1 1
github.com/mikefarah/yq/v4/pkg/yqlib/candidate_node.go:372.106,380.2 7 1
github.com/mikefarah/yq/v4/pkg/yqlib/candidate_node.go:382.47,384.2 1 1
github.com/mikefarah/yq/v4/pkg/yqlib/candidate_node.go:386.61,388.2 1 1
github.com/mikefarah/yq/v4/pkg/yqlib/candidate_node.go:390.66,394.18 3 1
github.com/mikefarah/yq/v4/pkg/yqlib/candidate_node.go:394.18,396.3 1 1
github.com/mikefarah/yq/v4/pkg/yqlib/candidate_node.go:398.2,433.18 2 1
github.com/mikefarah/yq/v4/pkg/yqlib/candidate_node.go:433.18,435.3 1 1
github.com/mikefarah/yq/v4/pkg/yqlib/candidate_node.go:437.2,437.14 1 1
github.com/mikefarah/yq/v4/pkg/yqlib/candidate_node.go:441.83,442.16 1 1
github.com/mikefarah/yq/v4/pkg/yqlib/candidate_node.go:442.16,445.3 2 1
github.com/mikefarah/yq/v4/pkg/yqlib/candidate_node.go:447.2,449.66 1 1
github.com/mikefarah/yq/v4/pkg/yqlib/candidate_node.go:449.66,451.3 1 1
github.com/mikefarah/yq/v4/pkg/yqlib/candidate_node.go:453.2,459.38 5 1
github.com/mikefarah/yq/v4/pkg/yqlib/candidate_node.go:463.93,465.26 2 1
github.com/mikefarah/yq/v4/pkg/yqlib/candidate_node.go:465.26,470.3 2 1
github.com/mikefarah/yq/v4/pkg/yqlib/candidate_node.go:471.2,474.78 2 1
github.com/mikefarah/yq/v4/pkg/yqlib/candidate_node.go:474.78,476.3 1 1
github.com/mikefarah/yq/v4/pkg/yqlib/candidate_node.go:478.2,480.32 2 1
github.com/mikefarah/yq/v4/pkg/yqlib/candidate_node.go:480.32,482.3 1 1
github.com/mikefarah/yq/v4/pkg/yqlib/candidate_node.go:485.2,490.18 2 1
github.com/mikefarah/yq/v4/pkg/yqlib/candidate_node.go:490.18,492.3 1 1
github.com/mikefarah/yq/v4/pkg/yqlib/candidate_node.go:494.2,494.29 1 1
github.com/mikefarah/yq/v4/pkg/yqlib/candidate_node.go:494.29,496.3 1 1
github.com/mikefarah/yq/v4/pkg/yqlib/candidate_node.go:497.2,497.29 1 1
github.com/mikefarah/yq/v4/pkg/yqlib/candidate_node.go:497.29,499.3 1 1
github.com/mikefarah/yq/v4/pkg/yqlib/candidate_node.go:500.2,500.29 1 1
github.com/mikefarah/yq/v4/pkg/yqlib/candidate_node.go:500.29,502.3 1 1
github.com/mikefarah/yq/v4/pkg/yqlib/candidate_node.go:505.55,518.24 2 1
github.com/mikefarah/yq/v4/pkg/yqlib/candidate_node.go:518.24,520.35 2 1
github.com/mikefarah/yq/v4/pkg/yqlib/candidate_node.go:520.35,522.4 1 1
github.com/mikefarah/yq/v4/pkg/yqlib/candidate_node.go:524.2,524.13 1 1
github.com/mikefarah/yq/v4/pkg/yqlib/candidate_node.go:528.34,529.11 1 1
github.com/mikefarah/yq/v4/pkg/yqlib/candidate_node.go:530.20,531.24 1 1
github.com/mikefarah/yq/v4/pkg/yqlib/candidate_node.go:532.19,533.23 1 1
github.com/mikefarah/yq/v4/pkg/yqlib/candidate_node.go:534.18,535.22 1 1
github.com/mikefarah/yq/v4/pkg/yqlib/candidate_node.go:536.17,537.21 1 1
github.com/mikefarah/yq/v4/pkg/yqlib/candidate_node.go:538.10,539.19 1 1
github.com/mikefarah/yq/v4/pkg/yqlib/candidate_node.go:543.36,545.24 2 1
github.com/mikefarah/yq/v4/pkg/yqlib/candidate_node.go:545.24,547.3 1 1
github.com/mikefarah/yq/v4/pkg/yqlib/candidate_node.go:548.2,548.30 1 1
github.com/mikefarah/yq/v4/pkg/yqlib/candidate_node.go:548.30,550.3 1 1
github.com/mikefarah/yq/v4/pkg/yqlib/candidate_node.go:551.2,551.30 1 1
github.com/mikefarah/yq/v4/pkg/yqlib/candidate_node.go:551.30,553.3 1 0
github.com/mikefarah/yq/v4/pkg/yqlib/candidate_node.go:554.2,554.25 1 1
github.com/mikefarah/yq/v4/pkg/yqlib/candidate_node.go:554.25,556.3 1 0
github.com/mikefarah/yq/v4/pkg/yqlib/candidate_node.go:557.2,557.24 1 1
github.com/mikefarah/yq/v4/pkg/yqlib/candidate_node.go:557.24,559.3 1 0
github.com/mikefarah/yq/v4/pkg/yqlib/candidate_node.go:560.2,560.22 1 1
github.com/mikefarah/yq/v4/pkg/yqlib/candidate_node.go:560.22,562.3 1 1
github.com/mikefarah/yq/v4/pkg/yqlib/candidate_node.go:563.2,563.34 1 1
github.com/mikefarah/yq/v4/pkg/yqlib/candidate_node_goccy_yaml.go:12.147,17.2 3 1
github.com/mikefarah/yq/v4/pkg/yqlib/candidate_node_goccy_yaml.go:19.122,25.30 5 1
github.com/mikefarah/yq/v4/pkg/yqlib/candidate_node_goccy_yaml.go:25.30,27.54 2 1
github.com/mikefarah/yq/v4/pkg/yqlib/candidate_node_goccy_yaml.go:27.54,30.57 2 1
github.com/mikefarah/yq/v4/pkg/yqlib/candidate_node_goccy_yaml.go:30.57,32.47 2 1
github.com/mikefarah/yq/v4/pkg/yqlib/candidate_node_goccy_yaml.go:32.47,36.40 2 1
github.com/mikefarah/yq/v4/pkg/yqlib/candidate_node_goccy_yaml.go:37.36,39.60 2 0
github.com/mikefarah/yq/v4/pkg/yqlib/candidate_node_goccy_yaml.go:40.36,42.60 2 1
github.com/mikefarah/yq/v4/pkg/yqlib/candidate_node_goccy_yaml.go:43.36,45.60 2 0
github.com/mikefarah/yq/v4/pkg/yqlib/candidate_node_goccy_yaml.go:53.2,57.21 4 1
github.com/mikefarah/yq/v4/pkg/yqlib/candidate_node_goccy_yaml.go:58.23,60.18 2 1
github.com/mikefarah/yq/v4/pkg/yqlib/candidate_node_goccy_yaml.go:61.21,63.20 2 1
github.com/mikefarah/yq/v4/pkg/yqlib/candidate_node_goccy_yaml.go:64.20,66.19 2 1
github.com/mikefarah/yq/v4/pkg/yqlib/candidate_node_goccy_yaml.go:67.20,72.58 5 1
github.com/mikefarah/yq/v4/pkg/yqlib/candidate_node_goccy_yaml.go:72.58,74.4 1 1
github.com/mikefarah/yq/v4/pkg/yqlib/candidate_node_goccy_yaml.go:75.22,78.31 3 1
github.com/mikefarah/yq/v4/pkg/yqlib/candidate_node_goccy_yaml.go:79.35,80.31 1 1
github.com/mikefarah/yq/v4/pkg/yqlib/candidate_node_goccy_yaml.go:81.35,82.31 1 1
github.com/mikefarah/yq/v4/pkg/yqlib/candidate_node_goccy_yaml.go:84.3,85.62 2 1
github.com/mikefarah/yq/v4/pkg/yqlib/candidate_node_goccy_yaml.go:86.23,92.53 6 1
github.com/mikefarah/yq/v4/pkg/yqlib/candidate_node_goccy_yaml.go:92.53,95.4 2 0
github.com/mikefarah/yq/v4/pkg/yqlib/candidate_node_goccy_yaml.go:96.3,100.35 3 1
github.com/mikefarah/yq/v4/pkg/yqlib/candidate_node_goccy_yaml.go:101.19,102.88 1 1
github.com/mikefarah/yq/v4/pkg/yqlib/candidate_node_goccy_yaml.go:102.88,104.4 1 0
github.com/mikefarah/yq/v4/pkg/yqlib/candidate_node_goccy_yaml.go:105.3,105.42 1 1
github.com/mikefarah/yq/v4/pkg/yqlib/candidate_node_goccy_yaml.go:106.23,112.30 5 1
github.com/mikefarah/yq/v4/pkg/yqlib/candidate_node_goccy_yaml.go:112.30,114.4 1 1
github.com/mikefarah/yq/v4/pkg/yqlib/candidate_node_goccy_yaml.go:115.3,115.55 1 1
github.com/mikefarah/yq/v4/pkg/yqlib/candidate_node_goccy_yaml.go:115.55,117.18 2 1
github.com/mikefarah/yq/v4/pkg/yqlib/candidate_node_goccy_yaml.go:117.18,119.5 1 0
github.com/mikefarah/yq/v4/pkg/yqlib/candidate_node_goccy_yaml.go:121.3,121.37 1 1
github.com/mikefarah/yq/v4/pkg/yqlib/candidate_node_goccy_yaml.go:121.37,124.4 2 0
github.com/mikefarah/yq/v4/pkg/yqlib/candidate_node_goccy_yaml.go:125.28,131.17 6 0
github.com/mikefarah/yq/v4/pkg/yqlib/candidate_node_goccy_yaml.go:131.17,133.4 1 0
github.com/mikefarah/yq/v4/pkg/yqlib/candidate_node_goccy_yaml.go:134.24,139.31 5 1
github.com/mikefarah/yq/v4/pkg/yqlib/candidate_node_goccy_yaml.go:139.31,141.4 1 1
github.com/mikefarah/yq/v4/pkg/yqlib/candidate_node_goccy_yaml.go:142.3,144.36 3 1
github.com/mikefarah/yq/v4/pkg/yqlib/candidate_node_goccy_yaml.go:144.36,152.18 7 1
github.com/mikefarah/yq/v4/pkg/yqlib/candidate_node_goccy_yaml.go:152.18,154.5 1 0
github.com/mikefarah/yq/v4/pkg/yqlib/candidate_node_goccy_yaml.go:156.4,157.28 2 1
github.com/mikefarah/yq/v4/pkg/yqlib/candidate_node_goccy_yaml.go:159.22,163.17 4 1
github.com/mikefarah/yq/v4/pkg/yqlib/candidate_node_goccy_yaml.go:163.17,165.4 1 0
github.com/mikefarah/yq/v4/pkg/yqlib/candidate_node_goccy_yaml.go:166.3,167.26 2 1
github.com/mikefarah/yq/v4/pkg/yqlib/candidate_node_goccy_yaml.go:169.21,174.31 5 1
github.com/mikefarah/yq/v4/pkg/yqlib/candidate_node_goccy_yaml.go:176.24,180.17 4 1
github.com/mikefarah/yq/v4/pkg/yqlib/candidate_node_goccy_yaml.go:182.10,183.91 1 0
github.com/mikefarah/yq/v4/pkg/yqlib/candidate_node_goccy_yaml.go:185.2,186.12 2 1
github.com/mikefarah/yq/v4/pkg/yqlib/candidate_node_goccy_yaml.go:189.153,196.84 3 1
github.com/mikefarah/yq/v4/pkg/yqlib/candidate_node_goccy_yaml.go:196.84,198.3 1 0
github.com/mikefarah/yq/v4/pkg/yqlib/candidate_node_goccy_yaml.go:200.2,201.88 2 1
github.com/mikefarah/yq/v4/pkg/yqlib/candidate_node_goccy_yaml.go:201.88,203.3 1 0
github.com/mikefarah/yq/v4/pkg/yqlib/candidate_node_goccy_yaml.go:205.2,205.37 1 1
github.com/mikefarah/yq/v4/pkg/yqlib/candidate_node_goccy_yaml.go:205.37,207.3 1 1
github.com/mikefarah/yq/v4/pkg/yqlib/candidate_node_goccy_yaml.go:209.2,209.12 1 1
github.com/mikefarah/yq/v4/pkg/yqlib/candidate_node_json.go:14.68,16.33 2 1
github.com/mikefarah/yq/v4/pkg/yqlib/candidate_node_json.go:17.11,19.19 2 1
github.com/mikefarah/yq/v4/pkg/yqlib/candidate_node_json.go:20.24,24.49 3 1
github.com/mikefarah/yq/v4/pkg/yqlib/candidate_node_json.go:24.49,28.4 2 1
github.com/mikefarah/yq/v4/pkg/yqlib/candidate_node_json.go:29.25,31.18 2 0
github.com/mikefarah/yq/v4/pkg/yqlib/candidate_node_json.go:32.12,34.19 2 1
github.com/mikefarah/yq/v4/pkg/yqlib/candidate_node_json.go:35.14,37.18 2 1
github.com/mikefarah/yq/v4/pkg/yqlib/candidate_node_json.go:38.10,39.56 1 0
github.com/mikefarah/yq/v4/pkg/yqlib/candidate_node_json.go:41.2,41.12 1 1
github.com/mikefarah/yq/v4/pkg/yqlib/candidate_node_json.go:44.58,46.17 2 1
github.com/mikefarah/yq/v4/pkg/yqlib/candidate_node_json.go:47.11,55.17 6 1
github.com/mikefarah/yq/v4/pkg/yqlib/candidate_node_json.go:55.17,57.4 1 0
github.com/mikefarah/yq/v4/pkg/yqlib/candidate_node_json.go:60.3,61.66 2 1
github.com/mikefarah/yq/v4/pkg/yqlib/candidate_node_json.go:61.66,65.37 1 1
github.com/mikefarah/yq/v4/pkg/yqlib/candidate_node_json.go:65.37,66.10 1 1
github.com/mikefarah/yq/v4/pkg/yqlib/candidate_node_json.go:69.4,78.49 8 1
github.com/mikefarah/yq/v4/pkg/yqlib/candidate_node_json.go:78.49,80.5 1 0
github.com/mikefarah/yq/v4/pkg/yqlib/candidate_node_json.go:81.4,81.55 1 1
github.com/mikefarah/yq/v4/pkg/yqlib/candidate_node_json.go:84.3,84.44 1 1
github.com/mikefarah/yq/v4/pkg/yqlib/candidate_node_json.go:84.44,86.4 1 0
github.com/mikefarah/yq/v4/pkg/yqlib/candidate_node_json.go:87.3,87.13 1 1
github.com/mikefarah/yq/v4/pkg/yqlib/candidate_node_json.go:88.11,93.57 5 1
github.com/mikefarah/yq/v4/pkg/yqlib/candidate_node_json.go:93.57,95.4 1 0
github.com/mikefarah/yq/v4/pkg/yqlib/candidate_node_json.go:97.3,97.34 1 1
github.com/mikefarah/yq/v4/pkg/yqlib/candidate_node_json.go:97.34,99.20 1 1
github.com/mikefarah/yq/v4/pkg/yqlib/candidate_node_json.go:99.20,102.5 1 1
github.com/mikefarah/yq/v4/pkg/yqlib/candidate_node_json.go:103.4,111.40 8 1
github.com/mikefarah/yq/v4/pkg/yqlib/candidate_node_json.go:113.3,113.13 1 1
github.com/mikefarah/yq/v4/pkg/yqlib/candidate_node_json.go:115.2,120.16 4 1
github.com/mikefarah/yq/v4/pkg/yqlib/candidate_node_json.go:120.16,122.3 1 0
github.com/mikefarah/yq/v4/pkg/yqlib/candidate_node_json.go:123.2,125.36 2 1
github.com/mikefarah/yq/v4/pkg/yqlib/candidate_node_json.go:129.55,136.16 6 1
github.com/mikefarah/yq/v4/pkg/yqlib/candidate_node_json.go:137.17,140.26 3 0
github.com/mikefarah/yq/v4/pkg/yqlib/candidate_node_json.go:141.18,144.17 3 1
github.com/mikefarah/yq/v4/pkg/yqlib/candidate_node_json.go:144.17,146.4 1 0
github.com/mikefarah/yq/v4/pkg/yqlib/candidate_node_json.go:147.3,148.26 2 1
github.com/mikefarah/yq/v4/pkg/yqlib/candidate_node_json.go:149.19,152.42 3 1
github.com/mikefarah/yq/v4/pkg/yqlib/candidate_node_json.go:152.42,153.57 1 1
github.com/mikefarah/yq/v4/pkg/yqlib/candidate_node_json.go:153.57,155.5 1 0
github.com/mikefarah/yq/v4/pkg/yqlib/candidate_node_json.go:156.4,157.53 2 1
github.com/mikefarah/yq/v4/pkg/yqlib/candidate_node_json.go:157.53,159.5 1 0
github.com/mikefarah/yq/v4/pkg/yqlib/candidate_node_json.go:160.4,160.29 1 1
github.com/mikefarah/yq/v4/pkg/yqlib/candidate_node_json.go:160.29,162.5 1 1
github.com/mikefarah/yq/v4/pkg/yqlib/candidate_node_json.go:164.3,165.26 2 1
github.com/mikefarah/yq/v4/pkg/yqlib/candidate_node_json.go:166.20,169.26 3 1
github.com/mikefarah/yq/v4/pkg/yqlib/candidate_node_json.go:169.26,171.4 1 1
github.com/mikefarah/yq/v4/pkg/yqlib/candidate_node_json.go:171.9,173.4 1 1
github.com/mikefarah/yq/v4/pkg/yqlib/candidate_node_json.go:174.3,174.26 1 1
github.com/mikefarah/yq/v4/pkg/yqlib/candidate_node_json.go:175.10,177.26 2 0
github.com/mikefarah/yq/v4/pkg/yqlib/candidate_node_yaml.go:9.46,10.18 1 1
github.com/mikefarah/yq/v4/pkg/yqlib/candidate_node_yaml.go:11.24,12.21 1 1
github.com/mikefarah/yq/v4/pkg/yqlib/candidate_node_yaml.go:13.30,14.27 1 1
github.com/mikefarah/yq/v4/pkg/yqlib/candidate_node_yaml.go:15.30,16.27 1 1
github.com/mikefarah/yq/v4/pkg/yqlib/candidate_node_yaml.go:17.25,18.22 1 1
github.com/mikefarah/yq/v4/pkg/yqlib/candidate_node_yaml.go:19.24,20.21 1 0
github.com/mikefarah/yq/v4/pkg/yqlib/candidate_node_yaml.go:21.22,22.19 1 1
github.com/mikefarah/yq/v4/pkg/yqlib/candidate_node_yaml.go:23.9,24.11 1 1
github.com/mikefarah/yq/v4/pkg/yqlib/candidate_node_yaml.go:26.2,26.24 1 1
github.com/mikefarah/yq/v4/pkg/yqlib/candidate_node_yaml.go:29.48,30.18 1 1
github.com/mikefarah/yq/v4/pkg/yqlib/candidate_node_yaml.go:31.19,32.26 1 1
github.com/mikefarah/yq/v4/pkg/yqlib/candidate_node_yaml.go:33.25,34.32 1 1
github.com/mikefarah/yq/v4/pkg/yqlib/candidate_node_yaml.go:35.25,36.32 1 1
github.com/mikefarah/yq/v4/pkg/yqlib/candidate_node_yaml.go:37.20,38.27 1 1
github.com/mikefarah/yq/v4/pkg/yqlib/candidate_node_yaml.go:39.19,40.26 1 1
github.com/mikefarah/yq/v4/pkg/yqlib/candidate_node_yaml.go:41.17,42.24 1 1
github.com/mikefarah/yq/v4/pkg/yqlib/candidate_node_yaml.go:43.9,44.11 1 1
github.com/mikefarah/yq/v4/pkg/yqlib/candidate_node_yaml.go:46.2,46.29 1 1
github.com/mikefarah/yq/v4/pkg/yqlib/candidate_node_yaml.go:49.96,56.20 5 1
github.com/mikefarah/yq/v4/pkg/yqlib/candidate_node_yaml.go:56.20,59.3 2 1
github.com/mikefarah/yq/v4/pkg/yqlib/candidate_node_yaml.go:62.2,62.50 1 1
github.com/mikefarah/yq/v4/pkg/yqlib/candidate_node_yaml.go:62.50,65.3 2 1
github.com/mikefarah/yq/v4/pkg/yqlib/candidate_node_yaml.go:66.2,71.24 5 1
github.com/mikefarah/yq/v4/pkg/yqlib/candidate_node_yaml.go:74.57,88.2 9 1
github.com/mikefarah/yq/v4/pkg/yqlib/candidate_node_yaml.go:90.124,95.31 2 1
github.com/mikefarah/yq/v4/pkg/yqlib/candidate_node_yaml.go:95.31,99.3 3 1
github.com/mikefarah/yq/v4/pkg/yqlib/candidate_node_yaml.go:101.2,102.22 2 1
github.com/mikefarah/yq/v4/pkg/yqlib/candidate_node_yaml.go:105.99,107.19 2 1
github.com/mikefarah/yq/v4/pkg/yqlib/candidate_node_yaml.go:108.22,112.13 4 1
github.com/mikefarah/yq/v4/pkg/yqlib/candidate_node_yaml.go:113.23,117.13 4 1
github.com/mikefarah/yq/v4/pkg/yqlib/candidate_node_yaml.go:118.24,123.45 5 1
github.com/mikefarah/yq/v4/pkg/yqlib/candidate_node_yaml.go:123.45,126.18 2 1
github.com/mikefarah/yq/v4/pkg/yqlib/candidate_node_yaml.go:126.18,128.5 1 0
github.com/mikefarah/yq/v4/pkg/yqlib/candidate_node_yaml.go:130.4,133.18 3 1
github.com/mikefarah/yq/v4/pkg/yqlib/candidate_node_yaml.go:133.18,135.5 1 0
github.com/mikefarah/yq/v4/pkg/yqlib/candidate_node_yaml.go:137.4,140.30 3 1
github.com/mikefarah/yq/v4/pkg/yqlib/candidate_node_yaml.go:142.3,143.13 2 1
github.com/mikefarah/yq/v4/pkg/yqlib/candidate_node_yaml.go:144.25,152.42 7 1
github.com/mikefarah/yq/v4/pkg/yqlib/candidate_node_yaml.go:152.42,160.18 7 1
github.com/mikefarah/yq/v4/pkg/yqlib/candidate_node_yaml.go:160.18,162.5 1 0
github.com/mikefarah/yq/v4/pkg/yqlib/candidate_node_yaml.go:164.4,165.28 2 1
github.com/mikefarah/yq/v4/pkg/yqlib/candidate_node_yaml.go:167.3,167.13 1 1
github.com/mikefarah/yq/v4/pkg/yqlib/candidate_node_yaml.go:168.9,172.13 3 0
github.com/mikefarah/yq/v4/pkg/yqlib/candidate_node_yaml.go:173.10,174.53 1 0
github.com/mikefarah/yq/v4/pkg/yqlib/candidate_node_yaml.go:178.59,180.16 2 1
github.com/mikefarah/yq/v4/pkg/yqlib/candidate_node_yaml.go:181.17,185.21 4 1
github.com/mikefarah/yq/v4/pkg/yqlib/candidate_node_yaml.go:186.18,190.21 4 1
github.com/mikefarah/yq/v4/pkg/yqlib/candidate_node_yaml.go:191.33,193.29 2 1
github.com/mikefarah/yq/v4/pkg/yqlib/candidate_node_yaml.go:193.29,195.4 1 1
github.com/mikefarah/yq/v4/pkg/yqlib/candidate_node_yaml.go:196.3,201.39 6 1
github.com/mikefarah/yq/v4/pkg/yqlib/candidate_node_yaml.go:201.39,205.18 2 1
github.com/mikefarah/yq/v4/pkg/yqlib/candidate_node_yaml.go:205.18,207.5 1 0
github.com/mikefarah/yq/v4/pkg/yqlib/candidate_node_yaml.go:208.4,208.29 1 1
github.com/mikefarah/yq/v4/pkg/yqlib/candidate_node_yaml.go:210.3,210.21 1 1
github.com/mikefarah/yq/v4/pkg/yqlib/candidate_node_yaml.go:212.2,214.20 3 0
github.com/mikefarah/yq/v4/pkg/yqlib/chown_not_linux_os.go:10.51,12.2 1 1
github.com/mikefarah/yq/v4/pkg/yqlib/color_print.go:16.42,18.2 1 1
github.com/mikefarah/yq/v4/pkg/yqlib/color_print.go:20.65,23.36 3 1
github.com/mikefarah/yq/v4/pkg/yqlib/color_print.go:23.36,28.3 1 1
github.com/mikefarah/yq/v4/pkg/yqlib/color_print.go:29.2,29.38 1 1
github.com/mikefarah/yq/v4/pkg/yqlib/color_print.go:29.38,34.3 1 1
github.com/mikefarah/yq/v4/pkg/yqlib/color_print.go:35.2,35.38 1 1
github.com/mikefarah/yq/v4/pkg/yqlib/color_print.go:35.38,40.3 1 1
github.com/mikefarah/yq/v4/pkg/yqlib/color_print.go:41.2,41.38 1 1
github.com/mikefarah/yq/v4/pkg/yqlib/color_print.go:41.38,46.3 1 1
github.com/mikefarah/yq/v4/pkg/yqlib/color_print.go:47.2,47.37 1 1
github.com/mikefarah/yq/v4/pkg/yqlib/color_print.go:47.37,52.3 1 1
github.com/mikefarah/yq/v4/pkg/yqlib/color_print.go:53.2,53.38 1 1
github.com/mikefarah/yq/v4/pkg/yqlib/color_print.go:53.38,58.3 1 1
github.com/mikefarah/yq/v4/pkg/yqlib/color_print.go:59.2,59.39 1 1
github.com/mikefarah/yq/v4/pkg/yqlib/color_print.go:59.39,64.3 1 1
github.com/mikefarah/yq/v4/pkg/yqlib/color_print.go:65.2,66.12 2 1
github.com/mikefarah/yq/v4/pkg/yqlib/context.go:17.80,23.2 5 1
github.com/mikefarah/yq/v4/pkg/yqlib/context.go:25.72,29.2 3 1
github.com/mikefarah/yq/v4/pkg/yqlib/context.go:31.63,33.2 1 1
github.com/mikefarah/yq/v4/pkg/yqlib/context.go:35.46,36.28 1 1
github.com/mikefarah/yq/v4/pkg/yqlib/context.go:36.28,38.3 1 1
github.com/mikefarah/yq/v4/pkg/yqlib/context.go:39.2,39.21 1 1
github.com/mikefarah/yq/v4/pkg/yqlib/context.go:42.55,43.24 1 1
github.com/mikefarah/yq/v4/pkg/yqlib/context.go:43.24,45.3 1 1
github.com/mikefarah/yq/v4/pkg/yqlib/context.go:46.2,46.26 1 1
github.com/mikefarah/yq/v4/pkg/yqlib/context.go:49.62,50.24 1 1
github.com/mikefarah/yq/v4/pkg/yqlib/context.go:50.24,52.3 1 1
github.com/mikefarah/yq/v4/pkg/yqlib/context.go:53.2,53.27 1 1
github.com/mikefarah/yq/v4/pkg/yqlib/context.go:56.60,59.58 3 1
github.com/mikefarah/yq/v4/pkg/yqlib/context.go:59.58,62.66 2 1
github.com/mikefarah/yq/v4/pkg/yqlib/context.go:62.66,67.4 2 1
github.com/mikefarah/yq/v4/pkg/yqlib/context.go:69.3,69.50 1 1
github.com/mikefarah/yq/v4/pkg/yqlib/context.go:72.2,73.14 2 1
github.com/mikefarah/yq/v4/pkg/yqlib/context.go:76.37,77.40 1 1
github.com/mikefarah/yq/v4/pkg/yqlib/context.go:77.40,79.3 1 1
github.com/mikefarah/yq/v4/pkg/yqlib/context.go:80.2,81.48 2 1
github.com/mikefarah/yq/v4/pkg/yqlib/context.go:84.39,87.63 2 1
github.com/mikefarah/yq/v4/pkg/yqlib/context.go:87.63,90.3 2 1
github.com/mikefarah/yq/v4/pkg/yqlib/context.go:92.2,92.38 1 1
github.com/mikefarah/yq/v4/pkg/yqlib/context.go:95.35,97.2 1 1
github.com/mikefarah/yq/v4/pkg/yqlib/context.go:99.43,103.2 3 1
github.com/mikefarah/yq/v4/pkg/yqlib/context.go:105.43,109.2 3 1
github.com/mikefarah/yq/v4/pkg/yqlib/csv.go:8.48,13.2 1 1
github.com/mikefarah/yq/v4/pkg/yqlib/csv.go:15.48,20.2 1 1
github.com/mikefarah/yq/v4/pkg/yqlib/data_tree_navigator.go:20.47,22.2 1 1
github.com/mikefarah/yq/v4/pkg/yqlib/data_tree_navigator.go:24.118,28.42 2 1
github.com/mikefarah/yq/v4/pkg/yqlib/data_tree_navigator.go:28.42,37.3 2 1
github.com/mikefarah/yq/v4/pkg/yqlib/data_tree_navigator.go:39.2,48.12 4 1
github.com/mikefarah/yq/v4/pkg/yqlib/data_tree_navigator.go:51.112,52.27 1 1
github.com/mikefarah/yq/v4/pkg/yqlib/data_tree_navigator.go:52.27,55.3 2 1
github.com/mikefarah/yq/v4/pkg/yqlib/data_tree_navigator.go:56.2,57.39 2 1
github.com/mikefarah/yq/v4/pkg/yqlib/data_tree_navigator.go:57.39,58.70 1 0
github.com/mikefarah/yq/v4/pkg/yqlib/data_tree_navigator.go:58.70,60.4 1 0
github.com/mikefarah/yq/v4/pkg/yqlib/data_tree_navigator.go:62.2,63.20 2 1
github.com/mikefarah/yq/v4/pkg/yqlib/data_tree_navigator.go:63.20,65.3 1 1
github.com/mikefarah/yq/v4/pkg/yqlib/data_tree_navigator.go:66.2,66.98 1 1
github.com/mikefarah/yq/v4/pkg/yqlib/decoder_base64.go:19.33,21.2 1 1
github.com/mikefarah/yq/v4/pkg/yqlib/decoder_base64.go:23.56,28.48 2 1
github.com/mikefarah/yq/v4/pkg/yqlib/decoder_base64.go:28.48,30.3 1 0
github.com/mikefarah/yq/v4/pkg/yqlib/decoder_base64.go:33.2,37.16 3 1
github.com/mikefarah/yq/v4/pkg/yqlib/decoder_base64.go:37.16,39.3 1 1
github.com/mikefarah/yq/v4/pkg/yqlib/decoder_base64.go:42.2,45.12 4 1
github.com/mikefarah/yq/v4/pkg/yqlib/decoder_base64.go:48.60,49.18 1 1
github.com/mikefarah/yq/v4/pkg/yqlib/decoder_base64.go:49.18,51.3 1 1
github.com/mikefarah/yq/v4/pkg/yqlib/decoder_base64.go:52.2,55.54 3 1
github.com/mikefarah/yq/v4/pkg/yqlib/decoder_base64.go:55.54,57.3 1 0
github.com/mikefarah/yq/v4/pkg/yqlib/decoder_base64.go:58.2,58.20 1 1
github.com/mikefarah/yq/v4/pkg/yqlib/decoder_base64.go:58.20,64.23 2 1
github.com/mikefarah/yq/v4/pkg/yqlib/decoder_base64.go:64.23,66.4 1 1
github.com/mikefarah/yq/v4/pkg/yqlib/decoder_base64.go:68.2,69.50 2 1
github.com/mikefarah/yq/v4/pkg/yqlib/decoder_csv_object.go:19.56,21.2 1 1
github.com/mikefarah/yq/v4/pkg/yqlib/decoder_csv_object.go:23.59,30.2 6 1
github.com/mikefarah/yq/v4/pkg/yqlib/decoder_csv_object.go:32.75,36.96 2 1
github.com/mikefarah/yq/v4/pkg/yqlib/decoder_csv_object.go:36.96,38.3 1 1
github.com/mikefarah/yq/v4/pkg/yqlib/decoder_csv_object.go:39.2,39.13 1 1
github.com/mikefarah/yq/v4/pkg/yqlib/decoder_csv_object.go:42.99,45.35 2 1
github.com/mikefarah/yq/v4/pkg/yqlib/decoder_csv_object.go:45.35,47.3 1 1
github.com/mikefarah/yq/v4/pkg/yqlib/decoder_csv_object.go:48.2,48.19 1 1
github.com/mikefarah/yq/v4/pkg/yqlib/decoder_csv_object.go:51.63,52.18 1 1
github.com/mikefarah/yq/v4/pkg/yqlib/decoder_csv_object.go:52.18,54.3 1 0
github.com/mikefarah/yq/v4/pkg/yqlib/decoder_csv_object.go:55.2,57.16 3 1
github.com/mikefarah/yq/v4/pkg/yqlib/decoder_csv_object.go:57.16,59.3 1 1
github.com/mikefarah/yq/v4/pkg/yqlib/decoder_csv_object.go:61.2,65.40 3 1
github.com/mikefarah/yq/v4/pkg/yqlib/decoder_csv_object.go:65.40,70.3 4 1
github.com/mikefarah/yq/v4/pkg/yqlib/decoder_csv_object.go:71.2,71.29 1 1
github.com/mikefarah/yq/v4/pkg/yqlib/decoder_csv_object.go:71.29,73.3 1 0
github.com/mikefarah/yq/v4/pkg/yqlib/decoder_csv_object.go:75.2,75.23 1 1
github.com/mikefarah/yq/v4/pkg/yqlib/decoder_goccy_yaml.go:23.36,25.2 1 1
github.com/mikefarah/yq/v4/pkg/yqlib/decoder_goccy_yaml.go:27.59,32.2 4 1
github.com/mikefarah/yq/v4/pkg/yqlib/decoder_goccy_yaml.go:34.63,39.16 3 1
github.com/mikefarah/yq/v4/pkg/yqlib/decoder_goccy_yaml.go:39.16,41.3 1 1
github.com/mikefarah/yq/v4/pkg/yqlib/decoder_goccy_yaml.go:43.2,44.85 2 1
github.com/mikefarah/yq/v4/pkg/yqlib/decoder_goccy_yaml.go:44.85,46.3 1 0
github.com/mikefarah/yq/v4/pkg/yqlib/decoder_goccy_yaml.go:48.2,48.27 1 1
github.com/mikefarah/yq/v4/pkg/yqlib/decoder_hcl.go:25.30,27.2 1 1
github.com/mikefarah/yq/v4/pkg/yqlib/decoder_hcl.go:30.72,32.32 2 1
github.com/mikefarah/yq/v4/pkg/yqlib/decoder_hcl.go:32.32,34.3 1 1
github.com/mikefarah/yq/v4/pkg/yqlib/decoder_hcl.go:35.2,35.41 1 1
github.com/mikefarah/yq/v4/pkg/yqlib/decoder_hcl.go:35.41,37.3 1 1
github.com/mikefarah/yq/v4/pkg/yqlib/decoder_hcl.go:38.2,38.15 1 1
github.com/mikefarah/yq/v4/pkg/yqlib/decoder_hcl.go:47.56,49.37 1 1
github.com/mikefarah/yq/v4/pkg/yqlib/decoder_hcl.go:49.37,50.20 1 1
github.com/mikefarah/yq/v4/pkg/yqlib/decoder_hcl.go:50.20,53.39 2 1
github.com/mikefarah/yq/v4/pkg/yqlib/decoder_hcl.go:53.39,55.5 1 1
github.com/mikefarah/yq/v4/pkg/yqlib/decoder_hcl.go:56.4,56.50 1 1
github.com/mikefarah/yq/v4/pkg/yqlib/decoder_hcl.go:58.3,58.21 1 1
github.com/mikefarah/yq/v4/pkg/yqlib/decoder_hcl.go:58.21,60.9 1 1
github.com/mikefarah/yq/v4/pkg/yqlib/decoder_hcl.go:64.2,64.11 1 1
github.com/mikefarah/yq/v4/pkg/yqlib/decoder_hcl.go:68.58,73.86 3 1
github.com/mikefarah/yq/v4/pkg/yqlib/decoder_hcl.go:73.86,75.3 1 1
github.com/mikefarah/yq/v4/pkg/yqlib/decoder_hcl.go:77.2,77.13 1 1
github.com/mikefarah/yq/v4/pkg/yqlib/decoder_hcl.go:77.13,80.32 2 1
github.com/mikefarah/yq/v4/pkg/yqlib/decoder_hcl.go:80.32,82.4 1 1
github.com/mikefarah/yq/v4/pkg/yqlib/decoder_hcl.go:83.3,88.20 4 1
github.com/mikefarah/yq/v4/pkg/yqlib/decoder_hcl.go:88.20,89.9 1 0
github.com/mikefarah/yq/v4/pkg/yqlib/decoder_hcl.go:92.3,92.39 1 1
github.com/mikefarah/yq/v4/pkg/yqlib/decoder_hcl.go:92.39,93.9 1 1
github.com/mikefarah/yq/v4/pkg/yqlib/decoder_hcl.go:96.3,100.87 3 1
github.com/mikefarah/yq/v4/pkg/yqlib/decoder_hcl.go:100.87,102.4 1 1
github.com/mikefarah/yq/v4/pkg/yqlib/decoder_hcl.go:105.2,105.23 1 1
github.com/mikefarah/yq/v4/pkg/yqlib/decoder_hcl.go:105.23,107.3 1 1
github.com/mikefarah/yq/v4/pkg/yqlib/decoder_hcl.go:108.2,108.11 1 1
github.com/mikefarah/yq/v4/pkg/yqlib/decoder_hcl.go:111.53,113.16 2 1
github.com/mikefarah/yq/v4/pkg/yqlib/decoder_hcl.go:113.16,115.3 1 0
github.com/mikefarah/yq/v4/pkg/yqlib/decoder_hcl.go:116.2,117.39 2 1
github.com/mikefarah/yq/v4/pkg/yqlib/decoder_hcl.go:117.39,119.3 1 0
github.com/mikefarah/yq/v4/pkg/yqlib/decoder_hcl.go:120.2,124.12 5 1
github.com/mikefarah/yq/v4/pkg/yqlib/decoder_hcl.go:127.57,128.22 1 1
github.com/mikefarah/yq/v4/pkg/yqlib/decoder_hcl.go:128.22,130.3 1 1
github.com/mikefarah/yq/v4/pkg/yqlib/decoder_hcl.go:131.2,133.21 2 1
github.com/mikefarah/yq/v4/pkg/yqlib/decoder_hcl.go:133.21,135.3 1 0
github.com/mikefarah/yq/v4/pkg/yqlib/decoder_hcl.go:137.2,142.65 4 1
github.com/mikefarah/yq/v4/pkg/yqlib/decoder_hcl.go:142.65,149.37 5 1
github.com/mikefarah/yq/v4/pkg/yqlib/decoder_hcl.go:149.37,153.4 2 1
github.com/mikefarah/yq/v4/pkg/yqlib/decoder_hcl.go:153.9,153.31 1 1
github.com/mikefarah/yq/v4/pkg/yqlib/decoder_hcl.go:153.31,155.4 1 1
github.com/mikefarah/yq/v4/pkg/yqlib/decoder_hcl.go:156.3,156.94 1 1
github.com/mikefarah/yq/v4/pkg/yqlib/decoder_hcl.go:156.94,158.4 1 1
github.com/mikefarah/yq/v4/pkg/yqlib/decoder_hcl.go:160.3,160.42 1 1
github.com/mikefarah/yq/v4/pkg/yqlib/decoder_hcl.go:165.2,166.36 2 1
github.com/mikefarah/yq/v4/pkg/yqlib/decoder_hcl.go:166.36,168.3 1 1
github.com/mikefarah/yq/v4/pkg/yqlib/decoder_hcl.go:170.2,170.36 1 1
github.com/mikefarah/yq/v4/pkg/yqlib/decoder_hcl.go:170.36,172.3 1 1
github.com/mikefarah/yq/v4/pkg/yqlib/decoder_hcl.go:174.2,176.18 3 1
github.com/mikefarah/yq/v4/pkg/yqlib/decoder_hcl.go:179.69,181.65 2 1
github.com/mikefarah/yq/v4/pkg/yqlib/decoder_hcl.go:181.65,187.86 4 1
github.com/mikefarah/yq/v4/pkg/yqlib/decoder_hcl.go:187.86,189.4 1 1
github.com/mikefarah/yq/v4/pkg/yqlib/decoder_hcl.go:190.3,190.84 1 1
github.com/mikefarah/yq/v4/pkg/yqlib/decoder_hcl.go:190.84,192.4 1 0
github.com/mikefarah/yq/v4/pkg/yqlib/decoder_hcl.go:194.3,194.34 1 1
github.com/mikefarah/yq/v4/pkg/yqlib/decoder_hcl.go:199.2,200.36 2 1
github.com/mikefarah/yq/v4/pkg/yqlib/decoder_hcl.go:200.36,202.3 1 1
github.com/mikefarah/yq/v4/pkg/yqlib/decoder_hcl.go:204.2,204.36 1 1
github.com/mikefarah/yq/v4/pkg/yqlib/decoder_hcl.go:204.36,206.3 1 1
github.com/mikefarah/yq/v4/pkg/yqlib/decoder_hcl.go:207.2,207.13 1 1
github.com/mikefarah/yq/v4/pkg/yqlib/decoder_hcl.go:212.112,218.47 4 1
github.com/mikefarah/yq/v4/pkg/yqlib/decoder_hcl.go:218.47,219.45 1 1
github.com/mikefarah/yq/v4/pkg/yqlib/decoder_hcl.go:219.45,221.9 2 1
github.com/mikefarah/yq/v4/pkg/yqlib/decoder_hcl.go:224.2,224.21 1 1
github.com/mikefarah/yq/v4/pkg/yqlib/decoder_hcl.go:224.21,228.29 2 1
github.com/mikefarah/yq/v4/pkg/yqlib/decoder_hcl.go:228.29,230.4 1 1
github.com/mikefarah/yq/v4/pkg/yqlib/decoder_hcl.go:232.2,235.37 2 1
github.com/mikefarah/yq/v4/pkg/yqlib/decoder_hcl.go:235.37,237.48 2 1
github.com/mikefarah/yq/v4/pkg/yqlib/decoder_hcl.go:237.48,238.41 1 1
github.com/mikefarah/yq/v4/pkg/yqlib/decoder_hcl.go:238.41,240.10 2 1
github.com/mikefarah/yq/v4/pkg/yqlib/decoder_hcl.go:243.3,243.18 1 1
github.com/mikefarah/yq/v4/pkg/yqlib/decoder_hcl.go:243.18,245.4 1 1
github.com/mikefarah/yq/v4/pkg/yqlib/decoder_hcl.go:246.3,246.17 1 1
github.com/mikefarah/yq/v4/pkg/yqlib/decoder_hcl.go:250.2,250.48 1 1
github.com/mikefarah/yq/v4/pkg/yqlib/decoder_hcl.go:250.48,252.3 1 1
github.com/mikefarah/yq/v4/pkg/yqlib/decoder_hcl.go:255.81,257.26 1 1
github.com/mikefarah/yq/v4/pkg/yqlib/decoder_hcl.go:258.35,260.17 2 1
github.com/mikefarah/yq/v4/pkg/yqlib/decoder_hcl.go:260.17,262.4 1 1
github.com/mikefarah/yq/v4/pkg/yqlib/decoder_hcl.go:263.3,263.10 1 1
github.com/mikefarah/yq/v4/pkg/yqlib/decoder_hcl.go:264.36,270.15 3 0
github.com/mikefarah/yq/v4/pkg/yqlib/decoder_hcl.go:271.34,273.53 2 1
github.com/mikefarah/yq/v4/pkg/yqlib/decoder_hcl.go:274.31,277.17 2 1
github.com/mikefarah/yq/v4/pkg/yqlib/decoder_hcl.go:277.17,280.5 1 0
github.com/mikefarah/yq/v4/pkg/yqlib/decoder_hcl.go:282.4,282.52 1 1
github.com/mikefarah/yq/v4/pkg/yqlib/decoder_hcl.go:282.52,285.5 2 1
github.com/mikefarah/yq/v4/pkg/yqlib/decoder_hcl.go:286.4,287.35 2 1
github.com/mikefarah/yq/v4/pkg/yqlib/decoder_hcl.go:288.80,291.18 3 0
github.com/mikefarah/yq/v4/pkg/yqlib/decoder_hcl.go:291.18,296.5 3 0
github.com/mikefarah/yq/v4/pkg/yqlib/decoder_hcl.go:297.4,297.14 1 0
github.com/mikefarah/yq/v4/pkg/yqlib/decoder_hcl.go:298.56,301.18 3 0
github.com/mikefarah/yq/v4/pkg/yqlib/decoder_hcl.go:301.18,307.5 5 0
github.com/mikefarah/yq/v4/pkg/yqlib/decoder_hcl.go:308.4,308.12 1 0
github.com/mikefarah/yq/v4/pkg/yqlib/decoder_hcl.go:309.11,312.36 2 0
github.com/mikefarah/yq/v4/pkg/yqlib/decoder_hcl.go:314.32,317.35 2 1
github.com/mikefarah/yq/v4/pkg/yqlib/decoder_hcl.go:317.35,320.4 2 1
github.com/mikefarah/yq/v4/pkg/yqlib/decoder_hcl.go:321.3,321.13 1 1
github.com/mikefarah/yq/v4/pkg/yqlib/decoder_hcl.go:322.33,326.32 3 1
github.com/mikefarah/yq/v4/pkg/yqlib/decoder_hcl.go:326.32,329.47 2 1
github.com/mikefarah/yq/v4/pkg/yqlib/decoder_hcl.go:329.47,334.54 4 0
github.com/mikefarah/yq/v4/pkg/yqlib/decoder_hcl.go:334.54,338.6 3 0
github.com/mikefarah/yq/v4/pkg/yqlib/decoder_hcl.go:339.5,339.13 1 0
github.com/mikefarah/yq/v4/pkg/yqlib/decoder_hcl.go:341.4,344.40 4 1
github.com/mikefarah/yq/v4/pkg/yqlib/decoder_hcl.go:346.3,346.11 1 1
github.com/mikefarah/yq/v4/pkg/yqlib/decoder_hcl.go:347.31,350.29 2 1
github.com/mikefarah/yq/v4/pkg/yqlib/decoder_hcl.go:350.29,351.26 1 1
github.com/mikefarah/yq/v4/pkg/yqlib/decoder_hcl.go:352.37,353.41 1 1
github.com/mikefarah/yq/v4/pkg/yqlib/decoder_hcl.go:353.41,355.6 1 1
github.com/mikefarah/yq/v4/pkg/yqlib/decoder_hcl.go:355.11,357.6 1 0
github.com/mikefarah/yq/v4/pkg/yqlib/decoder_hcl.go:358.12,363.54 4 1
github.com/mikefarah/yq/v4/pkg/yqlib/decoder_hcl.go:363.54,366.6 2 1
github.com/mikefarah/yq/v4/pkg/yqlib/decoder_hcl.go:366.11,368.6 1 0
github.com/mikefarah/yq/v4/pkg/yqlib/decoder_hcl.go:371.3,376.14 4 1
github.com/mikefarah/yq/v4/pkg/yqlib/decoder_hcl.go:377.37,382.52 4 1
github.com/mikefarah/yq/v4/pkg/yqlib/decoder_hcl.go:382.52,385.4 2 1
github.com/mikefarah/yq/v4/pkg/yqlib/decoder_hcl.go:387.3,387.27 1 0
github.com/mikefarah/yq/v4/pkg/yqlib/decoder_hcl.go:387.27,388.57 1 0
github.com/mikefarah/yq/v4/pkg/yqlib/decoder_hcl.go:388.57,390.5 1 0
github.com/mikefarah/yq/v4/pkg/yqlib/decoder_hcl.go:392.3,392.36 1 0
github.com/mikefarah/yq/v4/pkg/yqlib/decoder_hcl.go:393.35,398.52 4 1
github.com/mikefarah/yq/v4/pkg/yqlib/decoder_hcl.go:398.52,403.4 4 1
github.com/mikefarah/yq/v4/pkg/yqlib/decoder_hcl.go:404.3,406.14 3 0
github.com/mikefarah/yq/v4/pkg/yqlib/decoder_hcl.go:407.10,410.41 2 1
github.com/mikefarah/yq/v4/pkg/yqlib/decoder_hcl.go:410.41,413.4 1 1
github.com/mikefarah/yq/v4/pkg/yqlib/decoder_hcl.go:415.3,418.52 4 1
github.com/mikefarah/yq/v4/pkg/yqlib/decoder_hcl.go:418.52,424.4 4 1
github.com/mikefarah/yq/v4/pkg/yqlib/decoder_hcl.go:425.3,425.57 1 0
github.com/mikefarah/yq/v4/pkg/yqlib/decoder_hcl.go:429.56,430.16 1 1
github.com/mikefarah/yq/v4/pkg/yqlib/decoder_hcl.go:430.16,432.3 1 1
github.com/mikefarah/yq/v4/pkg/yqlib/decoder_hcl.go:433.2,433.9 1 1
github.com/mikefarah/yq/v4/pkg/yqlib/decoder_hcl.go:434.35,435.44 1 1
github.com/mikefarah/yq/v4/pkg/yqlib/decoder_hcl.go:436.33,438.52 2 1
github.com/mikefarah/yq/v4/pkg/yqlib/decoder_hcl.go:439.30,441.16 2 1
github.com/mikefarah/yq/v4/pkg/yqlib/decoder_hcl.go:441.16,443.4 1 0
github.com/mikefarah/yq/v4/pkg/yqlib/decoder_hcl.go:444.3,444.51 1 1
github.com/mikefarah/yq/v4/pkg/yqlib/decoder_hcl.go:444.51,447.4 2 1
github.com/mikefarah/yq/v4/pkg/yqlib/decoder_hcl.go:448.3,449.34 2 1
github.com/mikefarah/yq/v4/pkg/yqlib/decoder_hcl.go:450.79,453.17 3 1
github.com/mikefarah/yq/v4/pkg/yqlib/decoder_hcl.go:453.17,456.4 2 1
github.com/mikefarah/yq/v4/pkg/yqlib/decoder_hcl.go:457.3,457.13 1 1
github.com/mikefarah/yq/v4/pkg/yqlib/decoder_hcl.go:458.55,461.17 3 1
github.com/mikefarah/yq/v4/pkg/yqlib/decoder_hcl.go:461.17,466.4 4 1
github.com/mikefarah/yq/v4/pkg/yqlib/decoder_hcl.go:467.3,467.11 1 1
github.com/mikefarah/yq/v4/pkg/yqlib/decoder_hcl.go:468.10,469.46 1 0
github.com/mikefarah/yq/v4/pkg/yqlib/decoder_ini.go:17.30,21.2 1 1
github.com/mikefarah/yq/v4/pkg/yqlib/decoder_ini.go:23.53,27.2 2 1
github.com/mikefarah/yq/v4/pkg/yqlib/decoder_ini.go:29.57,31.18 1 1
github.com/mikefarah/yq/v4/pkg/yqlib/decoder_ini.go:31.18,33.3 1 1
github.com/mikefarah/yq/v4/pkg/yqlib/decoder_ini.go:36.2,37.16 2 1
github.com/mikefarah/yq/v4/pkg/yqlib/decoder_ini.go:37.16,39.3 1 0
github.com/mikefarah/yq/v4/pkg/yqlib/decoder_ini.go:42.2,43.16 2 1
github.com/mikefarah/yq/v4/pkg/yqlib/decoder_ini.go:43.16,45.3 1 1
github.com/mikefarah/yq/v4/pkg/yqlib/decoder_ini.go:48.2,55.41 2 1
github.com/mikefarah/yq/v4/pkg/yqlib/decoder_ini.go:55.41,58.40 2 1
github.com/mikefarah/yq/v4/pkg/yqlib/decoder_ini.go:58.40,60.39 1 1
github.com/mikefarah/yq/v4/pkg/yqlib/decoder_ini.go:60.39,71.5 5 0
github.com/mikefarah/yq/v4/pkg/yqlib/decoder_ini.go:72.9,81.39 2 1
github.com/mikefarah/yq/v4/pkg/yqlib/decoder_ini.go:81.39,92.5 5 1
github.com/mikefarah/yq/v4/pkg/yqlib/decoder_ini.go:95.4,97.54 2 1
github.com/mikefarah/yq/v4/pkg/yqlib/decoder_ini.go:102.2,105.18 2 1
github.com/mikefarah/yq/v4/pkg/yqlib/decoder_json.go:15.31,17.2 1 1
github.com/mikefarah/yq/v4/pkg/yqlib/decoder_json.go:19.54,22.2 2 1
github.com/mikefarah/yq/v4/pkg/yqlib/decoder_json.go:24.58,28.16 3 1
github.com/mikefarah/yq/v4/pkg/yqlib/decoder_json.go:28.16,30.3 1 1
github.com/mikefarah/yq/v4/pkg/yqlib/decoder_json.go:32.2,32.25 1 1
github.com/mikefarah/yq/v4/pkg/yqlib/decoder_lua.go:19.50,23.2 1 1
github.com/mikefarah/yq/v4/pkg/yqlib/decoder_lua.go:25.53,28.2 2 1
github.com/mikefarah/yq/v4/pkg/yqlib/decoder_lua.go:30.88,31.19 1 1
github.com/mikefarah/yq/v4/pkg/yqlib/decoder_lua.go:32.17,37.4 1 0
github.com/mikefarah/yq/v4/pkg/yqlib/decoder_lua.go:38.18,43.4 1 0
github.com/mikefarah/yq/v4/pkg/yqlib/decoder_lua.go:44.20,47.20 2 1
github.com/mikefarah/yq/v4/pkg/yqlib/decoder_lua.go:47.20,53.4 1 0
github.com/mikefarah/yq/v4/pkg/yqlib/decoder_lua.go:54.3,54.23 1 1
github.com/mikefarah/yq/v4/pkg/yqlib/decoder_lua.go:54.23,60.4 1 0
github.com/mikefarah/yq/v4/pkg/yqlib/decoder_lua.go:61.3,61.24 1 1
github.com/mikefarah/yq/v4/pkg/yqlib/decoder_lua.go:61.24,67.4 1 0
github.com/mikefarah/yq/v4/pkg/yqlib/decoder_lua.go:70.3,70.27 1 1
github.com/mikefarah/yq/v4/pkg/yqlib/decoder_lua.go:70.27,76.4 1 1
github.com/mikefarah/yq/v4/pkg/yqlib/decoder_lua.go:78.3,82.4 1 0
github.com/mikefarah/yq/v4/pkg/yqlib/decoder_lua.go:83.20,88.4 1 1
github.com/mikefarah/yq/v4/pkg/yqlib/decoder_lua.go:89.22,94.4 1 0
github.com/mikefarah/yq/v4/pkg/yqlib/decoder_lua.go:95.19,109.21 6 1
github.com/mikefarah/yq/v4/pkg/yqlib/decoder_lua.go:109.21,110.96 1 1
github.com/mikefarah/yq/v4/pkg/yqlib/decoder_lua.go:110.96,112.5 1 1
github.com/mikefarah/yq/v4/pkg/yqlib/decoder_lua.go:112.10,114.5 1 1
github.com/mikefarah/yq/v4/pkg/yqlib/decoder_lua.go:115.4,120.14 4 1
github.com/mikefarah/yq/v4/pkg/yqlib/decoder_lua.go:120.14,122.5 1 1
github.com/mikefarah/yq/v4/pkg/yqlib/decoder_lua.go:123.4,123.24 1 1
github.com/mikefarah/yq/v4/pkg/yqlib/decoder_lua.go:125.3,125.13 1 1
github.com/mikefarah/yq/v4/pkg/yqlib/decoder_lua.go:125.13,127.4 1 1
github.com/mikefarah/yq/v4/pkg/yqlib/decoder_lua.go:128.3,128.18 1 1
github.com/mikefarah/yq/v4/pkg/yqlib/decoder_lua.go:129.10,135.4 1 0
github.com/mikefarah/yq/v4/pkg/yqlib/decoder_lua.go:139.74,140.22 1 1
github.com/mikefarah/yq/v4/pkg/yqlib/decoder_lua.go:140.22,143.3 1 0
github.com/mikefarah/yq/v4/pkg/yqlib/decoder_lua.go:144.2,144.45 1 1
github.com/mikefarah/yq/v4/pkg/yqlib/decoder_lua.go:147.57,148.18 1 1
github.com/mikefarah/yq/v4/pkg/yqlib/decoder_lua.go:148.18,150.3 1 1
github.com/mikefarah/yq/v4/pkg/yqlib/decoder_lua.go:151.2,154.16 4 1
github.com/mikefarah/yq/v4/pkg/yqlib/decoder_lua.go:154.16,156.3 1 0
github.com/mikefarah/yq/v4/pkg/yqlib/decoder_lua.go:157.2,159.16 3 1
github.com/mikefarah/yq/v4/pkg/yqlib/decoder_lua.go:159.16,161.3 1 0
github.com/mikefarah/yq/v4/pkg/yqlib/decoder_lua.go:162.2,164.23 3 1
github.com/mikefarah/yq/v4/pkg/yqlib/decoder_properties.go:21.37,23.2 1 1
github.com/mikefarah/yq/v4/pkg/yqlib/decoder_properties.go:25.60,29.2 3 1
github.com/mikefarah/yq/v4/pkg/yqlib/decoder_properties.go:31.45,34.39 3 1
github.com/mikefarah/yq/v4/pkg/yqlib/decoder_properties.go:34.39,36.17 2 1
github.com/mikefarah/yq/v4/pkg/yqlib/decoder_properties.go:36.17,38.4 1 1
github.com/mikefarah/yq/v4/pkg/yqlib/decoder_properties.go:38.9,40.4 1 1
github.com/mikefarah/yq/v4/pkg/yqlib/decoder_properties.go:42.2,42.13 1 1
github.com/mikefarah/yq/v4/pkg/yqlib/decoder_properties.go:45.63,46.13 1 1
github.com/mikefarah/yq/v4/pkg/yqlib/decoder_properties.go:46.13,48.3 1 0
github.com/mikefarah/yq/v4/pkg/yqlib/decoder_properties.go:49.2,49.17 1 1
github.com/mikefarah/yq/v4/pkg/yqlib/decoder_properties.go:52.115,74.2 7 1
github.com/mikefarah/yq/v4/pkg/yqlib/decoder_properties.go:76.115,81.31 4 1
github.com/mikefarah/yq/v4/pkg/yqlib/decoder_properties.go:81.31,83.17 2 1
github.com/mikefarah/yq/v4/pkg/yqlib/decoder_properties.go:83.17,85.4 1 0
github.com/mikefarah/yq/v4/pkg/yqlib/decoder_properties.go:88.2,91.51 3 1
github.com/mikefarah/yq/v4/pkg/yqlib/decoder_properties.go:94.64,95.18 1 1
github.com/mikefarah/yq/v4/pkg/yqlib/decoder_properties.go:95.18,97.3 1 1
github.com/mikefarah/yq/v4/pkg/yqlib/decoder_properties.go:98.2,100.52 2 1
github.com/mikefarah/yq/v4/pkg/yqlib/decoder_properties.go:100.52,102.3 1 0
github.com/mikefarah/yq/v4/pkg/yqlib/decoder_properties.go:103.2,103.20 1 1
github.com/mikefarah/yq/v4/pkg/yqlib/decoder_properties.go:103.20,106.3 2 1
github.com/mikefarah/yq/v4/pkg/yqlib/decoder_properties.go:107.2,108.16 2 1
github.com/mikefarah/yq/v4/pkg/yqlib/decoder_properties.go:108.16,110.3 1 0
github.com/mikefarah/yq/v4/pkg/yqlib/decoder_properties.go:111.2,121.40 5 1
github.com/mikefarah/yq/v4/pkg/yqlib/decoder_properties.go:121.40,122.69 1 1
github.com/mikefarah/yq/v4/pkg/yqlib/decoder_properties.go:122.69,124.4 1 0
github.com/mikefarah/yq/v4/pkg/yqlib/decoder_properties.go:127.2,129.21 2 1
github.com/mikefarah/yq/v4/pkg/yqlib/decoder_toml.go:26.31,31.2 1 1
github.com/mikefarah/yq/v4/pkg/yqlib/decoder_toml.go:33.54,37.16 4 1
github.com/mikefarah/yq/v4/pkg/yqlib/decoder_toml.go:37.16,39.3 1 0
github.com/mikefarah/yq/v4/pkg/yqlib/decoder_toml.go:40.2,48.12 6 1
github.com/mikefarah/yq/v4/pkg/yqlib/decoder_toml.go:51.85,52.34 1 1
github.com/mikefarah/yq/v4/pkg/yqlib/decoder_toml.go:52.34,54.39 2 1
github.com/mikefarah/yq/v4/pkg/yqlib/decoder_toml.go:54.39,56.4 1 1
github.com/mikefarah/yq/v4/pkg/yqlib/decoder_toml.go:56.9,58.4 1 0
github.com/mikefarah/yq/v4/pkg/yqlib/decoder_toml.go:59.3,59.42 1 1
github.com/mikefarah/yq/v4/pkg/yqlib/decoder_toml.go:63.72,65.6 2 1
github.com/mikefarah/yq/v4/pkg/yqlib/decoder_toml.go:65.6,68.22 3 1
github.com/mikefarah/yq/v4/pkg/yqlib/decoder_toml.go:68.22,70.4 1 1
github.com/mikefarah/yq/v4/pkg/yqlib/decoder_toml.go:74.99,79.16 4 1
github.com/mikefarah/yq/v4/pkg/yqlib/decoder_toml.go:79.16,81.3 1 0
github.com/mikefarah/yq/v4/pkg/yqlib/decoder_toml.go:84.2,84.34 1 1
github.com/mikefarah/yq/v4/pkg/yqlib/decoder_toml.go:84.34,87.3 2 1
github.com/mikefarah/yq/v4/pkg/yqlib/decoder_toml.go:90.2,91.54 2 1
github.com/mikefarah/yq/v4/pkg/yqlib/decoder_toml.go:91.54,93.3 1 1
github.com/mikefarah/yq/v4/pkg/yqlib/decoder_toml.go:95.2,98.53 3 1
github.com/mikefarah/yq/v4/pkg/yqlib/decoder_toml.go:101.107,103.70 2 1
github.com/mikefarah/yq/v4/pkg/yqlib/decoder_toml.go:103.70,105.3 1 0
github.com/mikefarah/yq/v4/pkg/yqlib/decoder_toml.go:107.2,107.34 1 1
github.com/mikefarah/yq/v4/pkg/yqlib/decoder_toml.go:107.34,111.24 3 1
github.com/mikefarah/yq/v4/pkg/yqlib/decoder_toml.go:112.22,113.72 1 1
github.com/mikefarah/yq/v4/pkg/yqlib/decoder_toml.go:113.72,115.5 1 0
github.com/mikefarah/yq/v4/pkg/yqlib/decoder_toml.go:116.21,118.76 1 1
github.com/mikefarah/yq/v4/pkg/yqlib/decoder_toml.go:119.11,122.20 2 1
github.com/mikefarah/yq/v4/pkg/yqlib/decoder_toml.go:125.2,126.19 2 1
github.com/mikefarah/yq/v4/pkg/yqlib/decoder_toml.go:129.91,134.22 4 1
github.com/mikefarah/yq/v4/pkg/yqlib/decoder_toml.go:134.22,136.34 2 1
github.com/mikefarah/yq/v4/pkg/yqlib/decoder_toml.go:136.34,138.4 1 0
github.com/mikefarah/yq/v4/pkg/yqlib/decoder_toml.go:140.3,145.70 2 1
github.com/mikefarah/yq/v4/pkg/yqlib/decoder_toml.go:145.70,147.4 1 0
github.com/mikefarah/yq/v4/pkg/yqlib/decoder_toml.go:149.3,149.50 1 1
github.com/mikefarah/yq/v4/pkg/yqlib/decoder_toml.go:152.2,157.8 1 1
github.com/mikefarah/yq/v4/pkg/yqlib/decoder_toml.go:160.82,165.22 4 1
github.com/mikefarah/yq/v4/pkg/yqlib/decoder_toml.go:165.22,169.33 2 1
github.com/mikefarah/yq/v4/pkg/yqlib/decoder_toml.go:169.33,172.12 2 1
github.com/mikefarah/yq/v4/pkg/yqlib/decoder_toml.go:175.3,176.17 2 1
github.com/mikefarah/yq/v4/pkg/yqlib/decoder_toml.go:176.17,178.4 1 0
github.com/mikefarah/yq/v4/pkg/yqlib/decoder_toml.go:181.3,181.36 1 1
github.com/mikefarah/yq/v4/pkg/yqlib/decoder_toml.go:181.36,184.4 2 1
github.com/mikefarah/yq/v4/pkg/yqlib/decoder_toml.go:186.3,186.38 1 1
github.com/mikefarah/yq/v4/pkg/yqlib/decoder_toml.go:189.2,193.8 1 1
github.com/mikefarah/yq/v4/pkg/yqlib/decoder_toml.go:197.89,200.2 2 1
github.com/mikefarah/yq/v4/pkg/yqlib/decoder_toml.go:202.87,205.2 2 1
github.com/mikefarah/yq/v4/pkg/yqlib/decoder_toml.go:207.90,211.2 3 1
github.com/mikefarah/yq/v4/pkg/yqlib/decoder_toml.go:213.91,217.2 3 1
github.com/mikefarah/yq/v4/pkg/yqlib/decoder_toml.go:219.88,223.2 3 1
github.com/mikefarah/yq/v4/pkg/yqlib/decoder_toml.go:225.81,226.23 1 1
github.com/mikefarah/yq/v4/pkg/yqlib/decoder_toml.go:227.29,228.42 1 1
github.com/mikefarah/yq/v4/pkg/yqlib/decoder_toml.go:229.17,230.40 1 1
github.com/mikefarah/yq/v4/pkg/yqlib/decoder_toml.go:231.20,232.43 1 1
github.com/mikefarah/yq/v4/pkg/yqlib/decoder_toml.go:233.21,234.44 1 1
github.com/mikefarah/yq/v4/pkg/yqlib/decoder_toml.go:235.18,236.41 1 1
github.com/mikefarah/yq/v4/pkg/yqlib/decoder_toml.go:237.18,238.35 1 1
github.com/mikefarah/yq/v4/pkg/yqlib/decoder_toml.go:239.24,240.44 1 1
github.com/mikefarah/yq/v4/pkg/yqlib/decoder_toml.go:241.10,242.63 1 0
github.com/mikefarah/yq/v4/pkg/yqlib/decoder_toml.go:247.58,248.18 1 1
github.com/mikefarah/yq/v4/pkg/yqlib/decoder_toml.go:248.18,250.3 1 1
github.com/mikefarah/yq/v4/pkg/yqlib/decoder_toml.go:253.2,254.15 2 1
github.com/mikefarah/yq/v4/pkg/yqlib/decoder_toml.go:254.15,255.31 1 1
github.com/mikefarah/yq/v4/pkg/yqlib/decoder_toml.go:255.31,258.11 3 0
github.com/mikefarah/yq/v4/pkg/yqlib/decoder_toml.go:258.11,260.5 1 0
github.com/mikefarah/yq/v4/pkg/yqlib/decoder_toml.go:264.2,267.58 4 1
github.com/mikefarah/yq/v4/pkg/yqlib/decoder_toml.go:267.58,269.27 1 1
github.com/mikefarah/yq/v4/pkg/yqlib/decoder_toml.go:269.27,271.4 1 1
github.com/mikefarah/yq/v4/pkg/yqlib/decoder_toml.go:273.3,277.17 4 1
github.com/mikefarah/yq/v4/pkg/yqlib/decoder_toml.go:277.17,279.4 1 0
github.com/mikefarah/yq/v4/pkg/yqlib/decoder_toml.go:283.2,284.16 2 1
github.com/mikefarah/yq/v4/pkg/yqlib/decoder_toml.go:284.16,286.3 1 1
github.com/mikefarah/yq/v4/pkg/yqlib/decoder_toml.go:289.2,291.35 2 1
github.com/mikefarah/yq/v4/pkg/yqlib/decoder_toml.go:291.35,293.3 1 1
github.com/mikefarah/yq/v4/pkg/yqlib/decoder_toml.go:295.2,295.35 1 1
github.com/mikefarah/yq/v4/pkg/yqlib/decoder_toml.go:299.83,303.26 4 1
github.com/mikefarah/yq/v4/pkg/yqlib/decoder_toml.go:304.20,308.28 2 1
github.com/mikefarah/yq/v4/pkg/yqlib/decoder_toml.go:308.28,309.37 1 1
github.com/mikefarah/yq/v4/pkg/yqlib/decoder_toml.go:309.37,311.5 1 1
github.com/mikefarah/yq/v4/pkg/yqlib/decoder_toml.go:311.10,313.5 1 0
github.com/mikefarah/yq/v4/pkg/yqlib/decoder_toml.go:314.9,317.4 1 0
github.com/mikefarah/yq/v4/pkg/yqlib/decoder_toml.go:318.3,318.20 1 1
github.com/mikefarah/yq/v4/pkg/yqlib/decoder_toml.go:319.18,321.60 2 1
github.com/mikefarah/yq/v4/pkg/yqlib/decoder_toml.go:322.23,324.65 2 1
github.com/mikefarah/yq/v4/pkg/yqlib/decoder_toml.go:325.10,327.83 2 1
github.com/mikefarah/yq/v4/pkg/yqlib/decoder_toml.go:330.2,331.34 2 1
github.com/mikefarah/yq/v4/pkg/yqlib/decoder_toml.go:334.76,344.16 8 1
github.com/mikefarah/yq/v4/pkg/yqlib/decoder_toml.go:344.16,346.3 1 0
github.com/mikefarah/yq/v4/pkg/yqlib/decoder_toml.go:348.2,356.34 2 1
github.com/mikefarah/yq/v4/pkg/yqlib/decoder_toml.go:356.34,359.3 2 1
github.com/mikefarah/yq/v4/pkg/yqlib/decoder_toml.go:361.2,364.34 4 1
github.com/mikefarah/yq/v4/pkg/yqlib/decoder_toml.go:364.34,369.38 2 1
github.com/mikefarah/yq/v4/pkg/yqlib/decoder_toml.go:369.38,371.12 2 1
github.com/mikefarah/yq/v4/pkg/yqlib/decoder_toml.go:375.3,375.39 1 1
github.com/mikefarah/yq/v4/pkg/yqlib/decoder_toml.go:375.39,378.20 2 1
github.com/mikefarah/yq/v4/pkg/yqlib/decoder_toml.go:378.20,380.5 1 1
github.com/mikefarah/yq/v4/pkg/yqlib/decoder_toml.go:381.4,382.9 2 1
github.com/mikefarah/yq/v4/pkg/yqlib/decoder_toml.go:385.3,387.44 3 1
github.com/mikefarah/yq/v4/pkg/yqlib/decoder_toml.go:387.44,389.4 1 0
github.com/mikefarah/yq/v4/pkg/yqlib/decoder_toml.go:390.3,390.8 1 1
github.com/mikefarah/yq/v4/pkg/yqlib/decoder_toml.go:394.2,394.18 1 1
github.com/mikefarah/yq/v4/pkg/yqlib/decoder_toml.go:394.18,396.3 1 1
github.com/mikefarah/yq/v4/pkg/yqlib/decoder_toml.go:398.2,399.16 2 1
github.com/mikefarah/yq/v4/pkg/yqlib/decoder_toml.go:399.16,401.3 1 0
github.com/mikefarah/yq/v4/pkg/yqlib/decoder_toml.go:402.2,402.34 1 1
github.com/mikefarah/yq/v4/pkg/yqlib/decoder_toml.go:405.104,425.2 7 1
github.com/mikefarah/yq/v4/pkg/yqlib/decoder_toml.go:427.81,437.16 8 1
github.com/mikefarah/yq/v4/pkg/yqlib/decoder_toml.go:437.16,439.3 1 0
github.com/mikefarah/yq/v4/pkg/yqlib/decoder_toml.go:443.2,452.34 3 1
github.com/mikefarah/yq/v4/pkg/yqlib/decoder_toml.go:452.34,455.3 2 0
github.com/mikefarah/yq/v4/pkg/yqlib/decoder_toml.go:457.2,459.14 3 1
github.com/mikefarah/yq/v4/pkg/yqlib/decoder_toml.go:459.14,460.7 1 1
github.com/mikefarah/yq/v4/pkg/yqlib/decoder_toml.go:460.7,463.32 2 1
github.com/mikefarah/yq/v4/pkg/yqlib/decoder_toml.go:463.32,466.18 3 0
github.com/mikefarah/yq/v4/pkg/yqlib/decoder_toml.go:466.18,467.11 1 0
github.com/mikefarah/yq/v4/pkg/yqlib/decoder_toml.go:469.5,469.13 1 0
github.com/mikefarah/yq/v4/pkg/yqlib/decoder_toml.go:474.4,474.61 1 1
github.com/mikefarah/yq/v4/pkg/yqlib/decoder_toml.go:474.61,476.21 1 1
github.com/mikefarah/yq/v4/pkg/yqlib/decoder_toml.go:476.21,478.6 1 1
github.com/mikefarah/yq/v4/pkg/yqlib/decoder_toml.go:479.5,480.10 2 1
github.com/mikefarah/yq/v4/pkg/yqlib/decoder_toml.go:483.4,487.45 3 1
github.com/mikefarah/yq/v4/pkg/yqlib/decoder_toml.go:487.45,489.5 1 0
github.com/mikefarah/yq/v4/pkg/yqlib/decoder_toml.go:490.4,490.9 1 1
github.com/mikefarah/yq/v4/pkg/yqlib/decoder_toml.go:495.2,495.50 1 1
github.com/mikefarah/yq/v4/pkg/yqlib/decoder_toml.go:495.50,497.39 2 0
github.com/mikefarah/yq/v4/pkg/yqlib/decoder_toml.go:497.39,499.4 1 0
github.com/mikefarah/yq/v4/pkg/yqlib/decoder_toml.go:499.9,501.4 1 0
github.com/mikefarah/yq/v4/pkg/yqlib/decoder_toml.go:502.3,502.42 1 0
github.com/mikefarah/yq/v4/pkg/yqlib/decoder_toml.go:506.2,508.34 2 1
github.com/mikefarah/yq/v4/pkg/yqlib/decoder_toml.go:515.95,520.24 1 1
github.com/mikefarah/yq/v4/pkg/yqlib/decoder_toml.go:520.24,522.3 1 0
github.com/mikefarah/yq/v4/pkg/yqlib/decoder_toml.go:524.2,527.39 2 1
github.com/mikefarah/yq/v4/pkg/yqlib/decoder_toml.go:527.39,533.17 4 1
github.com/mikefarah/yq/v4/pkg/yqlib/decoder_toml.go:533.17,535.4 1 0
github.com/mikefarah/yq/v4/pkg/yqlib/decoder_toml.go:537.3,537.45 1 1
github.com/mikefarah/yq/v4/pkg/yqlib/decoder_toml.go:537.45,541.60 2 1
github.com/mikefarah/yq/v4/pkg/yqlib/decoder_toml.go:541.60,545.5 3 1
github.com/mikefarah/yq/v4/pkg/yqlib/decoder_toml.go:550.2,553.24 3 1
github.com/mikefarah/yq/v4/pkg/yqlib/decoder_uri.go:17.30,19.2 1 1
github.com/mikefarah/yq/v4/pkg/yqlib/decoder_uri.go:21.53,26.2 4 1
github.com/mikefarah/yq/v4/pkg/yqlib/decoder_uri.go:28.57,29.18 1 1
github.com/mikefarah/yq/v4/pkg/yqlib/decoder_uri.go:29.18,31.3 1 1
github.com/mikefarah/yq/v4/pkg/yqlib/decoder_uri.go:33.2,35.52 2 1
github.com/mikefarah/yq/v4/pkg/yqlib/decoder_uri.go:35.52,37.3 1 1
github.com/mikefarah/yq/v4/pkg/yqlib/decoder_uri.go:38.2,38.20 1 1
github.com/mikefarah/yq/v4/pkg/yqlib/decoder_uri.go:38.20,44.23 2 1
github.com/mikefarah/yq/v4/pkg/yqlib/decoder_uri.go:44.23,46.4 1 1
github.com/mikefarah/yq/v4/pkg/yqlib/decoder_uri.go:48.2,49.16 2 1
github.com/mikefarah/yq/v4/pkg/yqlib/decoder_uri.go:49.16,51.3 1 1
github.com/mikefarah/yq/v4/pkg/yqlib/decoder_uri.go:52.2,53.46 2 1
github.com/mikefarah/yq/v4/pkg/yqlib/decoder_xml.go:24.50,29.2 1 1
github.com/mikefarah/yq/v4/pkg/yqlib/decoder_xml.go:31.53,36.2 4 1
github.com/mikefarah/yq/v4/pkg/yqlib/decoder_xml.go:38.81,40.30 2 1
github.com/mikefarah/yq/v4/pkg/yqlib/decoder_xml.go:40.30,42.17 2 1
github.com/mikefarah/yq/v4/pkg/yqlib/decoder_xml.go:42.17,44.4 1 0
github.com/mikefarah/yq/v4/pkg/yqlib/decoder_xml.go:45.3,45.31 1 1
github.com/mikefarah/yq/v4/pkg/yqlib/decoder_xml.go:48.2,48.22 1 1
github.com/mikefarah/yq/v4/pkg/yqlib/decoder_xml.go:53.56,54.13 1 1
github.com/mikefarah/yq/v4/pkg/yqlib/decoder_xml.go:54.13,56.3 1 1
github.com/mikefarah/yq/v4/pkg/yqlib/decoder_xml.go:61.2,63.20 3 1
github.com/mikefarah/yq/v4/pkg/yqlib/decoder_xml.go:66.70,70.21 3 1
github.com/mikefarah/yq/v4/pkg/yqlib/decoder_xml.go:70.21,78.3 7 1
github.com/mikefarah/yq/v4/pkg/yqlib/decoder_xml.go:80.2,80.42 1 1
github.com/mikefarah/yq/v4/pkg/yqlib/decoder_xml.go:80.42,87.13 6 1
github.com/mikefarah/yq/v4/pkg/yqlib/decoder_xml.go:87.13,91.4 2 1
github.com/mikefarah/yq/v4/pkg/yqlib/decoder_xml.go:92.3,96.24 4 1
github.com/mikefarah/yq/v4/pkg/yqlib/decoder_xml.go:96.24,98.18 2 1
github.com/mikefarah/yq/v4/pkg/yqlib/decoder_xml.go:98.18,100.5 1 0
github.com/mikefarah/yq/v4/pkg/yqlib/decoder_xml.go:101.9,105.71 1 1
github.com/mikefarah/yq/v4/pkg/yqlib/decoder_xml.go:105.71,106.34 1 1
github.com/mikefarah/yq/v4/pkg/yqlib/decoder_xml.go:106.34,111.6 3 1
github.com/mikefarah/yq/v4/pkg/yqlib/decoder_xml.go:111.11,115.6 2 1
github.com/mikefarah/yq/v4/pkg/yqlib/decoder_xml.go:117.4,118.18 2 1
github.com/mikefarah/yq/v4/pkg/yqlib/decoder_xml.go:118.18,120.5 1 0
github.com/mikefarah/yq/v4/pkg/yqlib/decoder_xml.go:122.3,122.50 1 1
github.com/mikefarah/yq/v4/pkg/yqlib/decoder_xml.go:125.2,125.22 1 1
github.com/mikefarah/yq/v4/pkg/yqlib/decoder_xml.go:128.80,129.21 1 1
github.com/mikefarah/yq/v4/pkg/yqlib/decoder_xml.go:130.9,131.35 1 1
github.com/mikefarah/yq/v4/pkg/yqlib/decoder_xml.go:132.9,133.48 1 1
github.com/mikefarah/yq/v4/pkg/yqlib/decoder_xml.go:134.10,136.32 2 1
github.com/mikefarah/yq/v4/pkg/yqlib/decoder_xml.go:136.32,138.4 1 1
github.com/mikefarah/yq/v4/pkg/yqlib/decoder_xml.go:139.3,143.4 1 1
github.com/mikefarah/yq/v4/pkg/yqlib/decoder_xml.go:147.78,148.25 1 1
github.com/mikefarah/yq/v4/pkg/yqlib/decoder_xml.go:148.25,150.3 1 1
github.com/mikefarah/yq/v4/pkg/yqlib/decoder_xml.go:152.2,157.27 5 1
github.com/mikefarah/yq/v4/pkg/yqlib/decoder_xml.go:157.27,160.3 2 1
github.com/mikefarah/yq/v4/pkg/yqlib/decoder_xml.go:162.2,164.20 2 1
github.com/mikefarah/yq/v4/pkg/yqlib/decoder_xml.go:167.57,168.18 1 1
github.com/mikefarah/yq/v4/pkg/yqlib/decoder_xml.go:168.18,170.3 1 1
github.com/mikefarah/yq/v4/pkg/yqlib/decoder_xml.go:171.2,175.16 3 1
github.com/mikefarah/yq/v4/pkg/yqlib/decoder_xml.go:175.16,177.3 1 1
github.com/mikefarah/yq/v4/pkg/yqlib/decoder_xml.go:178.2,180.16 2 1
github.com/mikefarah/yq/v4/pkg/yqlib/decoder_xml.go:180.16,182.3 1 0
github.com/mikefarah/yq/v4/pkg/yqlib/decoder_xml.go:182.8,182.38 1 1
github.com/mikefarah/yq/v4/pkg/yqlib/decoder_xml.go:182.38,184.23 2 1
github.com/mikefarah/yq/v4/pkg/yqlib/decoder_xml.go:184.23,186.4 1 0
github.com/mikefarah/yq/v4/pkg/yqlib/decoder_xml.go:188.2,191.23 3 1
github.com/mikefarah/yq/v4/pkg/yqlib/decoder_xml.go:209.50,211.23 1 1
github.com/mikefarah/yq/v4/pkg/yqlib/decoder_xml.go:211.23,213.3 1 1
github.com/mikefarah/yq/v4/pkg/yqlib/decoder_xml.go:214.2,216.40 2 1
github.com/mikefarah/yq/v4/pkg/yqlib/decoder_xml.go:216.40,217.24 1 1
github.com/mikefarah/yq/v4/pkg/yqlib/decoder_xml.go:217.24,222.4 4 1
github.com/mikefarah/yq/v4/pkg/yqlib/decoder_xml.go:224.2,225.73 2 1
github.com/mikefarah/yq/v4/pkg/yqlib/decoder_xml.go:238.55,252.40 6 1
github.com/mikefarah/yq/v4/pkg/yqlib/decoder_xml.go:252.40,253.28 1 1
github.com/mikefarah/yq/v4/pkg/yqlib/decoder_xml.go:253.28,255.4 1 1
github.com/mikefarah/yq/v4/pkg/yqlib/decoder_xml.go:256.3,256.24 1 1
github.com/mikefarah/yq/v4/pkg/yqlib/decoder_xml.go:259.2,259.6 1 1
github.com/mikefarah/yq/v4/pkg/yqlib/decoder_xml.go:259.6,261.40 2 1
github.com/mikefarah/yq/v4/pkg/yqlib/decoder_xml.go:261.40,263.4 1 0
github.com/mikefarah/yq/v4/pkg/yqlib/decoder_xml.go:264.3,264.15 1 1
github.com/mikefarah/yq/v4/pkg/yqlib/decoder_xml.go:264.15,265.9 1 1
github.com/mikefarah/yq/v4/pkg/yqlib/decoder_xml.go:268.3,268.25 1 1
github.com/mikefarah/yq/v4/pkg/yqlib/decoder_xml.go:269.25,274.31 4 1
github.com/mikefarah/yq/v4/pkg/yqlib/decoder_xml.go:274.31,275.28 1 1
github.com/mikefarah/yq/v4/pkg/yqlib/decoder_xml.go:275.28,277.6 1 1
github.com/mikefarah/yq/v4/pkg/yqlib/decoder_xml.go:279.4,286.30 2 1
github.com/mikefarah/yq/v4/pkg/yqlib/decoder_xml.go:286.30,287.32 1 1
github.com/mikefarah/yq/v4/pkg/yqlib/decoder_xml.go:287.32,288.28 1 1
github.com/mikefarah/yq/v4/pkg/yqlib/decoder_xml.go:288.28,290.7 1 1
github.com/mikefarah/yq/v4/pkg/yqlib/decoder_xml.go:292.5,292.95 1 1
github.com/mikefarah/yq/v4/pkg/yqlib/decoder_xml.go:294.21,298.35 2 1
github.com/mikefarah/yq/v4/pkg/yqlib/decoder_xml.go:298.35,300.5 1 1
github.com/mikefarah/yq/v4/pkg/yqlib/decoder_xml.go:302.4,302.23 1 1
github.com/mikefarah/yq/v4/pkg/yqlib/decoder_xml.go:302.23,306.5 3 1
github.com/mikefarah/yq/v4/pkg/yqlib/decoder_xml.go:307.23,308.19 1 1
github.com/mikefarah/yq/v4/pkg/yqlib/decoder_xml.go:308.19,310.13 2 1
github.com/mikefarah/yq/v4/pkg/yqlib/decoder_xml.go:312.4,315.26 3 1
github.com/mikefarah/yq/v4/pkg/yqlib/decoder_xml.go:315.26,317.5 1 1
github.com/mikefarah/yq/v4/pkg/yqlib/decoder_xml.go:320.4,320.22 1 1
github.com/mikefarah/yq/v4/pkg/yqlib/decoder_xml.go:321.20,324.22 2 1
github.com/mikefarah/yq/v4/pkg/yqlib/decoder_xml.go:325.19,326.39 1 1
github.com/mikefarah/yq/v4/pkg/yqlib/decoder_xml.go:328.20,330.85 2 1
github.com/mikefarah/yq/v4/pkg/yqlib/decoder_xml.go:331.12,333.85 2 1
github.com/mikefarah/yq/v4/pkg/yqlib/decoder_xml.go:336.21,337.31 1 1
github.com/mikefarah/yq/v4/pkg/yqlib/decoder_xml.go:337.31,339.5 1 1
github.com/mikefarah/yq/v4/pkg/yqlib/decoder_xml.go:340.22,341.33 1 1
github.com/mikefarah/yq/v4/pkg/yqlib/decoder_xml.go:341.33,343.5 1 1
github.com/mikefarah/yq/v4/pkg/yqlib/decoder_xml.go:345.3,345.17 1 1
github.com/mikefarah/yq/v4/pkg/yqlib/decoder_xml.go:348.2,348.12 1 1
github.com/mikefarah/yq/v4/pkg/yqlib/decoder_xml.go:351.57,354.30 1 1
github.com/mikefarah/yq/v4/pkg/yqlib/decoder_xml.go:354.30,359.60 4 1
github.com/mikefarah/yq/v4/pkg/yqlib/decoder_xml.go:359.60,362.4 2 1
github.com/mikefarah/yq/v4/pkg/yqlib/decoder_xml.go:362.9,364.4 1 1
github.com/mikefarah/yq/v4/pkg/yqlib/decoder_xml.go:365.8,368.3 2 0
github.com/mikefarah/yq/v4/pkg/yqlib/decoder_xml.go:371.63,373.33 2 1
github.com/mikefarah/yq/v4/pkg/yqlib/decoder_xml.go:373.33,374.16 1 1
github.com/mikefarah/yq/v4/pkg/yqlib/decoder_xml.go:374.16,376.4 1 1
[...]
github.com/mikefarah/yq/v4/pkg/yqlib/operator_unique.go:48.3,49.59 2 1
github.com/mikefarah/yq/v4/pkg/yqlib/operator_unique.go:49.59,51.4 1 1
github.com/mikefarah/yq/v4/pkg/yqlib/operator_unique.go:53.3,53.31 1 1
github.com/mikefarah/yq/v4/pkg/yqlib/operator_unique.go:56.2,56.43 1 1
github.com/mikefarah/yq/v4/pkg/yqlib/operator_unique.go:60.53,64.33 3 1
github.com/mikefarah/yq/v4/pkg/yqlib/operator_unique.go:64.33,68.38 4 1
github.com/mikefarah/yq/v4/pkg/yqlib/operator_unique.go:68.38,70.4 1 1
github.com/mikefarah/yq/v4/pkg/yqlib/operator_unique.go:72.2,72.22 1 1
github.com/mikefarah/yq/v4/pkg/yqlib/operator_value.go:5.112,7.2 1 1
github.com/mikefarah/yq/v4/pkg/yqlib/operator_value.go:9.108,11.38 2 1
github.com/mikefarah/yq/v4/pkg/yqlib/operator_value.go:11.38,14.3 2 0
github.com/mikefarah/yq/v4/pkg/yqlib/operator_value.go:16.2,18.69 2 1
github.com/mikefarah/yq/v4/pkg/yqlib/operator_value.go:18.69,21.3 2 1
github.com/mikefarah/yq/v4/pkg/yqlib/operator_value.go:23.2,23.43 1 1
github.com/mikefarah/yq/v4/pkg/yqlib/operator_variables.go:8.114,12.19 4 1
github.com/mikefarah/yq/v4/pkg/yqlib/operator_variables.go:12.19,14.3 1 0
github.com/mikefarah/yq/v4/pkg/yqlib/operator_variables.go:15.2,15.42 1 1
github.com/mikefarah/yq/v4/pkg/yqlib/operator_variables.go:22.87,24.2 1 1
github.com/mikefarah/yq/v4/pkg/yqlib/operator_variables.go:28.104,32.89 4 1
github.com/mikefarah/yq/v4/pkg/yqlib/operator_variables.go:32.89,34.27 2 1
github.com/mikefarah/yq/v4/pkg/yqlib/operator_variables.go:34.27,35.9 1 1
github.com/mikefarah/yq/v4/pkg/yqlib/operator_variables.go:38.2,38.25 1 1
github.com/mikefarah/yq/v4/pkg/yqlib/operator_variables.go:38.25,40.3 1 1
github.com/mikefarah/yq/v4/pkg/yqlib/operator_variables.go:42.2,42.69 1 1
github.com/mikefarah/yq/v4/pkg/yqlib/operator_variables.go:42.69,44.17 2 1
github.com/mikefarah/yq/v4/pkg/yqlib/operator_variables.go:44.17,46.4 1 0
github.com/mikefarah/yq/v4/pkg/yqlib/operator_variables.go:47.3,47.45 1 1
github.com/mikefarah/yq/v4/pkg/yqlib/operator_variables.go:49.2,49.43 1 1
github.com/mikefarah/yq/v4/pkg/yqlib/operator_variables.go:52.115,56.16 3 1
github.com/mikefarah/yq/v4/pkg/yqlib/operator_variables.go:56.16,58.3 1 1
github.com/mikefarah/yq/v4/pkg/yqlib/operator_variables.go:59.2,59.68 1 1
github.com/mikefarah/yq/v4/pkg/yqlib/operator_variables.go:59.68,61.3 1 0
github.com/mikefarah/yq/v4/pkg/yqlib/operator_variables.go:62.2,69.65 4 1
github.com/mikefarah/yq/v4/pkg/yqlib/operator_variables.go:69.65,72.24 3 1
github.com/mikefarah/yq/v4/pkg/yqlib/operator_variables.go:72.24,74.4 1 1
github.com/mikefarah/yq/v4/pkg/yqlib/operator_variables.go:74.9,77.4 2 1
github.com/mikefarah/yq/v4/pkg/yqlib/operator_variables.go:78.3,83.17 4 1
github.com/mikefarah/yq/v4/pkg/yqlib/operator_variables.go:83.17,85.4 1 0
github.com/mikefarah/yq/v4/pkg/yqlib/operator_variables.go:86.3,87.42 2 1
github.com/mikefarah/yq/v4/pkg/yqlib/operator_variables.go:91.2,91.34 1 1
github.com/mikefarah/yq/v4/pkg/yqlib/operator_variables.go:91.34,93.3 1 1
github.com/mikefarah/yq/v4/pkg/yqlib/operator_variables.go:95.2,95.43 1 1
github.com/mikefarah/yq/v4/pkg/yqlib/operator_with.go:5.107,9.63 2 1
github.com/mikefarah/yq/v4/pkg/yqlib/operator_with.go:9.63,11.3 1 0
github.com/mikefarah/yq/v4/pkg/yqlib/operator_with.go:13.2,17.16 3 1
github.com/mikefarah/yq/v4/pkg/yqlib/operator_with.go:17.16,19.3 1 0
github.com/mikefarah/yq/v4/pkg/yqlib/operator_with.go:21.2,23.75 2 1
github.com/mikefarah/yq/v4/pkg/yqlib/operator_with.go:23.75,26.17 3 1
github.com/mikefarah/yq/v4/pkg/yqlib/operator_with.go:26.17,28.4 1 0
github.com/mikefarah/yq/v4/pkg/yqlib/operator_with.go:32.2,32.21 1 1
github.com/mikefarah/yq/v4/pkg/yqlib/operators.go:15.150,17.16 2 1
github.com/mikefarah/yq/v4/pkg/yqlib/operators.go:17.16,19.3 1 0
github.com/mikefarah/yq/v4/pkg/yqlib/operators.go:27.2,28.66 2 1
github.com/mikefarah/yq/v4/pkg/yqlib/operators.go:29.25,30.20 1 1
github.com/mikefarah/yq/v4/pkg/yqlib/operators.go:31.27,32.68 1 1
github.com/mikefarah/yq/v4/pkg/yqlib/operators.go:35.2,37.65 2 1
github.com/mikefarah/yq/v4/pkg/yqlib/operators.go:37.65,47.17 7 1
github.com/mikefarah/yq/v4/pkg/yqlib/operators.go:47.17,49.4 1 1
github.com/mikefarah/yq/v4/pkg/yqlib/operators.go:51.2,51.21 1 1
github.com/mikefarah/yq/v4/pkg/yqlib/operators.go:54.95,57.2 2 1
github.com/mikefarah/yq/v4/pkg/yqlib/operators.go:61.170,63.33 1 1
github.com/mikefarah/yq/v4/pkg/yqlib/operators.go:63.33,65.17 2 1
github.com/mikefarah/yq/v4/pkg/yqlib/operators.go:65.17,67.4 1 0
github.com/mikefarah/yq/v4/pkg/yqlib/operators.go:67.9,67.27 1 1
github.com/mikefarah/yq/v4/pkg/yqlib/operators.go:67.27,70.4 2 1
github.com/mikefarah/yq/v4/pkg/yqlib/operators.go:73.2,74.16 2 1
github.com/mikefarah/yq/v4/pkg/yqlib/operators.go:74.16,76.3 1 1
github.com/mikefarah/yq/v4/pkg/yqlib/operators.go:78.2,78.57 1 1
github.com/mikefarah/yq/v4/pkg/yqlib/operators.go:78.57,80.17 2 1
github.com/mikefarah/yq/v4/pkg/yqlib/operators.go:80.17,82.4 1 0
github.com/mikefarah/yq/v4/pkg/yqlib/operators.go:83.3,83.29 1 1
github.com/mikefarah/yq/v4/pkg/yqlib/operators.go:83.29,85.4 1 1
github.com/mikefarah/yq/v4/pkg/yqlib/operators.go:86.3,86.13 1 1
github.com/mikefarah/yq/v4/pkg/yqlib/operators.go:89.2,89.85 1 1
github.com/mikefarah/yq/v4/pkg/yqlib/operators.go:89.85,91.41 2 1
github.com/mikefarah/yq/v4/pkg/yqlib/operators.go:91.41,93.4 1 1
github.com/mikefarah/yq/v4/pkg/yqlib/operators.go:94.3,95.17 2 1
github.com/mikefarah/yq/v4/pkg/yqlib/operators.go:95.17,97.4 1 1
github.com/mikefarah/yq/v4/pkg/yqlib/operators.go:98.3,98.29 1 1
github.com/mikefarah/yq/v4/pkg/yqlib/operators.go:98.29,100.4 1 1
github.com/mikefarah/yq/v4/pkg/yqlib/operators.go:102.2,102.12 1 1
github.com/mikefarah/yq/v4/pkg/yqlib/operators.go:113.138,116.16 3 1
github.com/mikefarah/yq/v4/pkg/yqlib/operators.go:116.16,118.3 1 1
github.com/mikefarah/yq/v4/pkg/yqlib/operators.go:119.2,121.92 2 1
github.com/mikefarah/yq/v4/pkg/yqlib/operators.go:121.92,123.17 2 1
github.com/mikefarah/yq/v4/pkg/yqlib/operators.go:123.17,125.4 1 1
github.com/mikefarah/yq/v4/pkg/yqlib/operators.go:128.2,128.65 1 1
github.com/mikefarah/yq/v4/pkg/yqlib/operators.go:128.65,132.17 3 1
github.com/mikefarah/yq/v4/pkg/yqlib/operators.go:132.17,134.4 1 1
github.com/mikefarah/yq/v4/pkg/yqlib/operators.go:137.2,137.43 1 1
github.com/mikefarah/yq/v4/pkg/yqlib/operators.go:140.166,143.2 2 1
github.com/mikefarah/yq/v4/pkg/yqlib/operators.go:145.149,149.89 3 1
github.com/mikefarah/yq/v4/pkg/yqlib/operators.go:149.89,151.27 2 1
github.com/mikefarah/yq/v4/pkg/yqlib/operators.go:151.27,152.9 1 1
github.com/mikefarah/yq/v4/pkg/yqlib/operators.go:156.2,156.25 1 1
github.com/mikefarah/yq/v4/pkg/yqlib/operators.go:156.25,159.3 2 1
github.com/mikefarah/yq/v4/pkg/yqlib/operators.go:161.2,163.89 2 1
github.com/mikefarah/yq/v4/pkg/yqlib/operators.go:163.89,165.17 2 1
github.com/mikefarah/yq/v4/pkg/yqlib/operators.go:165.17,167.4 1 1
github.com/mikefarah/yq/v4/pkg/yqlib/operators.go:168.3,168.51 1 1
github.com/mikefarah/yq/v4/pkg/yqlib/operators.go:171.2,171.43 1 1
github.com/mikefarah/yq/v4/pkg/yqlib/operators.go:174.78,176.12 2 1
github.com/mikefarah/yq/v4/pkg/yqlib/operators.go:176.12,178.3 1 1
github.com/mikefarah/yq/v4/pkg/yqlib/operators.go:179.2,180.20 2 1
github.com/mikefarah/yq/v4/pkg/yqlib/operators.go:180.20,183.3 2 1
github.com/mikefarah/yq/v4/pkg/yqlib/operators.go:185.2,185.13 1 1
github.com/mikefarah/yq/v4/pkg/yqlib/operators.go:188.113,189.20 1 1
github.com/mikefarah/yq/v4/pkg/yqlib/operators.go:189.20,191.3 1 1
github.com/mikefarah/yq/v4/pkg/yqlib/operators.go:191.8,191.27 1 1
github.com/mikefarah/yq/v4/pkg/yqlib/operators.go:191.27,193.16 2 1
github.com/mikefarah/yq/v4/pkg/yqlib/operators.go:193.16,195.18 2 1
github.com/mikefarah/yq/v4/pkg/yqlib/operators.go:195.18,196.15 1 0
github.com/mikefarah/yq/v4/pkg/yqlib/operators.go:198.4,199.41 2 1
github.com/mikefarah/yq/v4/pkg/yqlib/operators.go:201.3,201.164 1 1
github.com/mikefarah/yq/v4/pkg/yqlib/operators.go:204.2,208.3 1 1
github.com/mikefarah/yq/v4/pkg/yqlib/printer.go:32.71,40.2 1 1
github.com/mikefarah/yq/v4/pkg/yqlib/printer.go:42.61,46.2 2 1
github.com/mikefarah/yq/v4/pkg/yqlib/printer.go:48.56,50.2 1 1
github.com/mikefarah/yq/v4/pkg/yqlib/printer.go:52.49,54.2 1 1
github.com/mikefarah/yq/v4/pkg/yqlib/printer.go:56.81,60.2 2 1
github.com/mikefarah/yq/v4/pkg/yqlib/printer.go:62.37,65.54 3 1
github.com/mikefarah/yq/v4/pkg/yqlib/printer.go:65.54,67.3 1 1
github.com/mikefarah/yq/v4/pkg/yqlib/printer.go:67.8,67.63 1 1
github.com/mikefarah/yq/v4/pkg/yqlib/printer.go:67.63,69.3 1 1
github.com/mikefarah/yq/v4/pkg/yqlib/printer.go:72.71,75.30 2 1
github.com/mikefarah/yq/v4/pkg/yqlib/printer.go:75.30,78.3 2 1
github.com/mikefarah/yq/v4/pkg/yqlib/printer.go:80.2,80.35 1 1
github.com/mikefarah/yq/v4/pkg/yqlib/printer.go:80.35,84.17 4 1
github.com/mikefarah/yq/v4/pkg/yqlib/printer.go:84.17,86.4 1 0
github.com/mikefarah/yq/v4/pkg/yqlib/printer.go:87.3,87.40 1 1
github.com/mikefarah/yq/v4/pkg/yqlib/printer.go:90.2,90.25 1 1
github.com/mikefarah/yq/v4/pkg/yqlib/printer.go:90.25,95.3 4 1
github.com/mikefarah/yq/v4/pkg/yqlib/printer.go:97.2,97.61 1 1
github.com/mikefarah/yq/v4/pkg/yqlib/printer.go:97.61,103.26 5 1
github.com/mikefarah/yq/v4/pkg/yqlib/printer.go:103.26,105.4 1 0
github.com/mikefarah/yq/v4/pkg/yqlib/printer.go:107.3,110.136 3 1
github.com/mikefarah/yq/v4/pkg/yqlib/printer.go:110.136,111.67 1 1
github.com/mikefarah/yq/v4/pkg/yqlib/printer.go:111.67,113.5 1 0
github.com/mikefarah/yq/v4/pkg/yqlib/printer.go:116.3,118.21 3 1
github.com/mikefarah/yq/v4/pkg/yqlib/printer.go:118.21,120.4 1 1
github.com/mikefarah/yq/v4/pkg/yqlib/printer.go:122.3,122.94 1 1
github.com/mikefarah/yq/v4/pkg/yqlib/printer.go:122.94,124.4 1 0
github.com/mikefarah/yq/v4/pkg/yqlib/printer.go:126.3,126.61 1 1
github.com/mikefarah/yq/v4/pkg/yqlib/printer.go:126.61,128.4 1 1
github.com/mikefarah/yq/v4/pkg/yqlib/printer.go:130.3,130.21 1 1
github.com/mikefarah/yq/v4/pkg/yqlib/printer.go:130.21,133.49 3 1
github.com/mikefarah/yq/v4/pkg/yqlib/printer.go:133.49,137.5 1 1
github.com/mikefarah/yq/v4/pkg/yqlib/printer.go:138.4,138.59 1 1
github.com/mikefarah/yq/v4/pkg/yqlib/printer.go:138.59,140.5 1 0
github.com/mikefarah/yq/v4/pkg/yqlib/printer.go:141.4,141.53 1 1
github.com/mikefarah/yq/v4/pkg/yqlib/printer.go:141.53,143.5 1 0
github.com/mikefarah/yq/v4/pkg/yqlib/printer.go:146.3,147.40 2 1
github.com/mikefarah/yq/v4/pkg/yqlib/printer.go:147.40,149.4 1 0
github.com/mikefarah/yq/v4/pkg/yqlib/printer.go:150.3,150.38 1 1
github.com/mikefarah/yq/v4/pkg/yqlib/printer.go:154.2,154.29 1 1
github.com/mikefarah/yq/v4/pkg/yqlib/printer.go:154.29,156.17 2 0
github.com/mikefarah/yq/v4/pkg/yqlib/printer.go:156.17,158.4 1 0
github.com/mikefarah/yq/v4/pkg/yqlib/printer.go:160.3,163.17 4 0
github.com/mikefarah/yq/v4/pkg/yqlib/printer.go:163.17,165.4 1 0
github.com/mikefarah/yq/v4/pkg/yqlib/printer.go:166.3,166.40 1 0
github.com/mikefarah/yq/v4/pkg/yqlib/printer.go:166.40,168.4 1 0
github.com/mikefarah/yq/v4/pkg/yqlib/printer.go:171.2,171.12 1 1
github.com/mikefarah/yq/v4/pkg/yqlib/printer_node_info.go:17.62,21.2 1 1
github.com/mikefarah/yq/v4/pkg/yqlib/printer_node_info.go:23.52,24.2 0 1
github.com/mikefarah/yq/v4/pkg/yqlib/printer_node_info.go:26.57,28.2 1 1
github.com/mikefarah/yq/v4/pkg/yqlib/printer_node_info.go:30.50,32.2 1 1
github.com/mikefarah/yq/v4/pkg/yqlib/printer_node_info.go:34.72,36.61 1 1
github.com/mikefarah/yq/v4/pkg/yqlib/printer_node_info.go:36.61,39.26 3 1
github.com/mikefarah/yq/v4/pkg/yqlib/printer_node_info.go:39.26,41.4 1 0
github.com/mikefarah/yq/v4/pkg/yqlib/printer_node_info.go:42.3,43.17 2 1
github.com/mikefarah/yq/v4/pkg/yqlib/printer_node_info.go:43.17,45.4 1 0
github.com/mikefarah/yq/v4/pkg/yqlib/printer_node_info.go:46.3,46.48 1 1
github.com/mikefarah/yq/v4/pkg/yqlib/printer_node_info.go:46.48,48.4 1 0
github.com/mikefarah/yq/v4/pkg/yqlib/printer_node_info.go:49.3,49.55 1 1
github.com/mikefarah/yq/v4/pkg/yqlib/printer_node_info.go:49.55,51.4 1 0
github.com/mikefarah/yq/v4/pkg/yqlib/printer_node_info.go:52.3,53.40 2 1
github.com/mikefarah/yq/v4/pkg/yqlib/printer_node_info.go:53.40,55.4 1 0
github.com/mikefarah/yq/v4/pkg/yqlib/printer_node_info.go:58.2,58.29 1 1
github.com/mikefarah/yq/v4/pkg/yqlib/printer_node_info.go:58.29,60.17 2 1
github.com/mikefarah/yq/v4/pkg/yqlib/printer_node_info.go:60.17,62.4 1 0
github.com/mikefarah/yq/v4/pkg/yqlib/printer_node_info.go:64.3,67.17 4 1
github.com/mikefarah/yq/v4/pkg/yqlib/printer_node_info.go:67.17,69.4 1 0
github.com/mikefarah/yq/v4/pkg/yqlib/printer_node_info.go:70.3,70.40 1 1
github.com/mikefarah/yq/v4/pkg/yqlib/printer_node_info.go:70.40,72.4 1 0
github.com/mikefarah/yq/v4/pkg/yqlib/printer_node_info.go:75.2,75.12 1 1
github.com/mikefarah/yq/v4/pkg/yqlib/printer_writer.go:20.61,24.2 1 1
github.com/mikefarah/yq/v4/pkg/yqlib/printer_writer.go:26.83,28.2 1 1
github.com/mikefarah/yq/v4/pkg/yqlib/printer_writer.go:37.86,40.16 2 0
github.com/mikefarah/yq/v4/pkg/yqlib/printer_writer.go:41.18,42.21 1 0
github.com/mikefarah/yq/v4/pkg/yqlib/printer_writer.go:43.24,44.27 1 0
github.com/mikefarah/yq/v4/pkg/yqlib/printer_writer.go:47.2,52.3 1 0
github.com/mikefarah/yq/v4/pkg/yqlib/printer_writer.go:55.83,63.16 6 0
github.com/mikefarah/yq/v4/pkg/yqlib/printer_writer.go:63.16,65.3 1 0
github.com/mikefarah/yq/v4/pkg/yqlib/printer_writer.go:66.2,66.36 1 0
github.com/mikefarah/yq/v4/pkg/yqlib/printer_writer.go:66.36,68.3 1 0
github.com/mikefarah/yq/v4/pkg/yqlib/printer_writer.go:69.2,70.40 2 0
github.com/mikefarah/yq/v4/pkg/yqlib/printer_writer.go:70.40,72.3 1 0
github.com/mikefarah/yq/v4/pkg/yqlib/printer_writer.go:74.2,75.16 2 0
github.com/mikefarah/yq/v4/pkg/yqlib/printer_writer.go:75.16,77.3 1 0
github.com/mikefarah/yq/v4/pkg/yqlib/printer_writer.go:78.2,80.16 2 0
github.com/mikefarah/yq/v4/pkg/yqlib/printer_writer.go:80.16,82.3 1 0
github.com/mikefarah/yq/v4/pkg/yqlib/printer_writer.go:83.2,85.32 2 0
github.com/mikefarah/yq/v4/pkg/yqlib/properties.go:9.62,15.2 1 1
github.com/mikefarah/yq/v4/pkg/yqlib/properties.go:17.62,23.2 1 1
github.com/mikefarah/yq/v4/pkg/yqlib/shellvariables.go:8.70,13.2 1 1
github.com/mikefarah/yq/v4/pkg/yqlib/stream_evaluator.go:25.43,27.2 1 1
github.com/mikefarah/yq/v4/pkg/yqlib/stream_evaluator.go:29.81,31.16 2 0
github.com/mikefarah/yq/v4/pkg/yqlib/stream_evaluator.go:31.16,33.3 1 0
github.com/mikefarah/yq/v4/pkg/yqlib/stream_evaluator.go:34.2,39.25 5 0
github.com/mikefarah/yq/v4/pkg/yqlib/stream_evaluator.go:39.25,41.3 1 0
github.com/mikefarah/yq/v4/pkg/yqlib/stream_evaluator.go:42.2,42.51 1 0
github.com/mikefarah/yq/v4/pkg/yqlib/stream_evaluator.go:45.120,48.16 3 0
github.com/mikefarah/yq/v4/pkg/yqlib/stream_evaluator.go:48.16,50.3 1 0
github.com/mikefarah/yq/v4/pkg/yqlib/stream_evaluator.go:52.2,52.37 1 0
github.com/mikefarah/yq/v4/pkg/yqlib/stream_evaluator.go:52.37,55.17 2 0
github.com/mikefarah/yq/v4/pkg/yqlib/stream_evaluator.go:55.17,57.4 1 0
github.com/mikefarah/yq/v4/pkg/yqlib/stream_evaluator.go:58.3,59.17 2 0
github.com/mikefarah/yq/v4/pkg/yqlib/stream_evaluator.go:59.17,61.4 1 0
github.com/mikefarah/yq/v4/pkg/yqlib/stream_evaluator.go:62.3,64.34 2 0
github.com/mikefarah/yq/v4/pkg/yqlib/stream_evaluator.go:65.17,66.27 1 0
github.com/mikefarah/yq/v4/pkg/yqlib/stream_evaluator.go:70.2,70.27 1 0
github.com/mikefarah/yq/v4/pkg/yqlib/stream_evaluator.go:70.27,73.3 1 0
github.com/mikefarah/yq/v4/pkg/yqlib/stream_evaluator.go:75.2,75.12 1 0
github.com/mikefarah/yq/v4/pkg/yqlib/stream_evaluator.go:78.141,83.16 4 1
github.com/mikefarah/yq/v4/pkg/yqlib/stream_evaluator.go:83.16,85.3 1 0
github.com/mikefarah/yq/v4/pkg/yqlib/stream_evaluator.go:86.2,86.6 1 1
github.com/mikefarah/yq/v4/pkg/yqlib/stream_evaluator.go:86.6,89.38 2 1
github.com/mikefarah/yq/v4/pkg/yqlib/stream_evaluator.go:89.38,92.4 2 1
github.com/mikefarah/yq/v4/pkg/yqlib/stream_evaluator.go:92.9,92.33 1 1
github.com/mikefarah/yq/v4/pkg/yqlib/stream_evaluator.go:92.33,94.4 1 0
github.com/mikefarah/yq/v4/pkg/yqlib/stream_evaluator.go:95.3,103.26 7 1
github.com/mikefarah/yq/v4/pkg/yqlib/stream_evaluator.go:103.26,105.4 1 0
github.com/mikefarah/yq/v4/pkg/yqlib/stream_evaluator.go:106.3,108.17 2 1
github.com/mikefarah/yq/v4/pkg/yqlib/stream_evaluator.go:108.17,110.4 1 0
github.com/mikefarah/yq/v4/pkg/yqlib/stream_evaluator.go:111.3,111.34 1 1
github.com/mikefarah/yq/v4/pkg/yqlib/string_evaluator.go:19.43,23.2 1 1
github.com/mikefarah/yq/v4/pkg/yqlib/string_evaluator.go:25.122,31.65 5 1
github.com/mikefarah/yq/v4/pkg/yqlib/string_evaluator.go:31.65,33.3 1 0
github.com/mikefarah/yq/v4/pkg/yqlib/string_evaluator.go:35.2,36.88 2 1
github.com/mikefarah/yq/v4/pkg/yqlib/string_evaluator.go:36.88,38.3 1 0
github.com/mikefarah/yq/v4/pkg/yqlib/string_evaluator.go:40.2,42.54 3 1
github.com/mikefarah/yq/v4/pkg/yqlib/string_evaluator.go:42.54,44.3 1 0
github.com/mikefarah/yq/v4/pkg/yqlib/string_evaluator.go:45.2,45.26 1 1
github.com/mikefarah/yq/v4/pkg/yqlib/string_evaluator.go:48.119,56.16 5 1
github.com/mikefarah/yq/v4/pkg/yqlib/string_evaluator.go:56.16,58.3 1 0
github.com/mikefarah/yq/v4/pkg/yqlib/string_evaluator.go:60.2,62.82 3 1
github.com/mikefarah/yq/v4/pkg/yqlib/string_evaluator.go:62.82,64.3 1 0
github.com/mikefarah/yq/v4/pkg/yqlib/string_evaluator.go:65.2,65.26 1 1
github.com/mikefarah/yq/v4/pkg/yqlib/toml.go:7.50,9.2 1 1
github.com/mikefarah/yq/v4/pkg/yqlib/toml.go:11.50,13.2 1 0
github.com/mikefarah/yq/v4/pkg/yqlib/utils.go:19.60,21.2 1 1
github.com/mikefarah/yq/v4/pkg/yqlib/utils.go:24.29,26.2 1 1
github.com/mikefarah/yq/v4/pkg/yqlib/utils.go:28.46,29.48 1 1
github.com/mikefarah/yq/v4/pkg/yqlib/utils.go:29.48,31.3 1 1
github.com/mikefarah/yq/v4/pkg/yqlib/utils.go:32.2,32.17 1 1
github.com/mikefarah/yq/v4/pkg/yqlib/utils.go:35.53,37.21 2 1
github.com/mikefarah/yq/v4/pkg/yqlib/utils.go:37.21,39.3 1 0
github.com/mikefarah/yq/v4/pkg/yqlib/utils.go:39.8,43.17 2 1
github.com/mikefarah/yq/v4/pkg/yqlib/utils.go:43.17,45.4 1 0
github.com/mikefarah/yq/v4/pkg/yqlib/utils.go:46.3,46.33 1 1
github.com/mikefarah/yq/v4/pkg/yqlib/utils.go:48.2,48.20 1 1
github.com/mikefarah/yq/v4/pkg/yqlib/utils.go:52.54,55.2 2 1
github.com/mikefarah/yq/v4/pkg/yqlib/utils.go:57.75,59.2 1 1
github.com/mikefarah/yq/v4/pkg/yqlib/utils.go:61.107,64.16 3 1
github.com/mikefarah/yq/v4/pkg/yqlib/utils.go:64.16,66.3 1 0
github.com/mikefarah/yq/v4/pkg/yqlib/utils.go:67.2,70.6 3 1
github.com/mikefarah/yq/v4/pkg/yqlib/utils.go:70.6,73.38 2 1
github.com/mikefarah/yq/v4/pkg/yqlib/utils.go:73.38,74.35 1 1
github.com/mikefarah/yq/v4/pkg/yqlib/utils.go:75.18,76.28 1 0
github.com/mikefarah/yq/v4/pkg/yqlib/utils.go:78.4,78.25 1 1
github.com/mikefarah/yq/v4/pkg/yqlib/utils.go:79.9,79.33 1 1
github.com/mikefarah/yq/v4/pkg/yqlib/utils.go:79.33,81.4 1 1
github.com/mikefarah/yq/v4/pkg/yqlib/utils.go:82.3,89.34 6 1
github.com/mikefarah/yq/v4/pkg/yqlib/write_in_place_handler.go:17.67,20.2 1 1
github.com/mikefarah/yq/v4/pkg/yqlib/write_in_place_handler.go:22.70,25.16 2 1
github.com/mikefarah/yq/v4/pkg/yqlib/write_in_place_handler.go:25.16,27.3 1 0
github.com/mikefarah/yq/v4/pkg/yqlib/write_in_place_handler.go:28.2,29.16 2 1
github.com/mikefarah/yq/v4/pkg/yqlib/write_in_place_handler.go:29.16,31.3 1 1
github.com/mikefarah/yq/v4/pkg/yqlib/write_in_place_handler.go:32.2,34.16 2 1
github.com/mikefarah/yq/v4/pkg/yqlib/write_in_place_handler.go:34.16,36.3 1 0
github.com/mikefarah/yq/v4/pkg/yqlib/write_in_place_handler.go:38.2,38.47 1 1
github.com/mikefarah/yq/v4/pkg/yqlib/write_in_place_handler.go:38.47,40.3 1 0
github.com/mikefarah/yq/v4/pkg/yqlib/write_in_place_handler.go:41.2,43.18 3 1
github.com/mikefarah/yq/v4/pkg/yqlib/write_in_place_handler.go:46.88,49.27 3 1
github.com/mikefarah/yq/v4/pkg/yqlib/write_in_place_handler.go:49.27,52.3 2 1
github.com/mikefarah/yq/v4/pkg/yqlib/write_in_place_handler.go:53.2,55.12 2 1
github.com/mikefarah/yq/v4/pkg/yqlib/xml.go:16.48,29.2 1 1
github.com/mikefarah/yq/v4/pkg/yqlib/xml.go:31.48,44.2 1 1
github.com/mikefarah/yq/v4/pkg/yqlib/yaml.go:14.50,25.2 1 1
github.com/mikefarah/yq/v4/pkg/yqlib/yaml.go:27.50,38.2 1 1
